SF:lib/src/rendering/element_renderer.dart
DA:20,6
DA:26,12
DA:29,4
DA:31,16
DA:32,16
DA:33,4
DA:34,8
DA:35,12
DA:38,6
DA:41,4
DA:45,6
DA:51,6
DA:52,6
DA:53,6
DA:54,6
DA:55,6
DA:56,6
DA:59,6
DA:60,6
DA:61,5
DA:62,5
DA:63,5
DA:64,4
DA:65,5
DA:66,4
DA:67,4
DA:68,5
DA:69,0
DA:70,5
DA:71,0
DA:72,0
DA:74,5
DA:75,4
DA:76,16
DA:77,4
DA:78,1
DA:79,1
DA:81,1
DA:83,4
DA:84,1
DA:86,4
DA:89,4
DA:90,4
DA:91,16
DA:92,4
DA:93,4
DA:94,4
DA:97,4
DA:98,4
DA:101,2
DA:102,1
DA:105,1
DA:106,1
DA:109,2
DA:110,2
DA:113,2
DA:114,2
DA:117,0
DA:118,0
DA:121,0
DA:122,0
DA:127,3
DA:128,2
DA:129,8
DA:130,2
DA:133,2
DA:134,2
DA:138,3
DA:139,3
DA:140,3
DA:148,0
DA:154,0
DA:155,0
DA:156,0
DA:157,0
DA:158,0
DA:159,0
DA:165,0
DA:166,0
DA:167,0
DA:168,0
DA:169,0
DA:170,0
DA:171,0
DA:174,0
DA:177,0
DA:178,0
DA:182,0
DA:183,0
DA:184,0
DA:186,0
DA:189,0
DA:190,0
DA:191,0
DA:192,0
DA:193,0
DA:194,0
DA:195,0
DA:196,0
DA:197,0
DA:200,0
DA:201,0
DA:206,0
DA:211,0
DA:212,0
DA:213,0
DA:214,0
DA:216,0
DA:217,0
DA:222,0
DA:223,0
DA:225,0
DA:226,0
DA:227,0
DA:228,0
DA:234,0
DA:235,0
DA:236,0
DA:237,0
DA:238,0
DA:239,0
DA:240,0
DA:247,5
DA:249,40
LF:124
LH:65
end_of_record
SF:lib/src/rendering/font_resolver.dart
DA:107,1
DA:108,1
DA:121,10
DA:124,10
DA:125,10
DA:128,1
DA:129,0
DA:134,1
DA:135,1
DA:137,1
LF:10
LH:9
end_of_record
SF:lib/src/rendering/image_cache.dart
DA:15,12
DA:21,0
DA:22,0
DA:24,0
DA:29,0
DA:30,0
DA:31,0
DA:38,3
DA:41,3
DA:47,0
DA:48,0
DA:49,0
DA:50,0
DA:54,3
DA:60,0
DA:62,0
DA:63,0
DA:64,0
DA:66,0
DA:67,0
DA:68,0
DA:69,0
DA:71,0
DA:75,0
DA:76,0
DA:77,0
DA:80,0
DA:81,0
DA:82,0
DA:83,0
DA:84,0
DA:89,12
DA:90,24
DA:91,0
DA:93,24
DA:94,24
DA:95,24
LF:37
LH:9
end_of_record
SF:lib/src/rendering/static_canvas_painter.dart
DA:47,5
DA:59,4
DA:61,4
DA:64,12
DA:65,36
DA:68,4
DA:69,0
DA:72,16
DA:73,8
DA:75,4
DA:76,0
DA:77,0
DA:82,4
DA:83,0
DA:86,0
DA:87,0
DA:88,0
DA:89,0
DA:90,0
DA:91,0
DA:99,4
DA:100,6
DA:103,2
DA:105,2
DA:108,8
DA:109,4
DA:110,4
DA:113,1
DA:117,0
DA:122,4
DA:123,3
DA:124,1
DA:128,4
DA:129,0
DA:130,0
DA:131,0
DA:132,0
DA:134,0
DA:137,4
DA:141,0
DA:142,0
DA:143,0
DA:147,4
DA:148,12
DA:149,6
DA:151,3
DA:153,3
DA:156,1
DA:159,3
DA:165,3
DA:167,6
DA:169,1
DA:170,4
DA:171,4
DA:172,1
DA:173,2
DA:174,3
DA:178,9
DA:179,3
DA:182,3
DA:183,6
DA:185,3
DA:186,9
DA:187,0
DA:188,0
DA:189,0
DA:191,3
DA:192,5
DA:193,3
DA:194,18
DA:195,1
DA:196,6
DA:198,6
DA:199,3
DA:202,1
DA:211,1
DA:214,1
DA:216,1
DA:217,1
DA:220,4
DA:221,4
DA:227,1
DA:228,1
DA:229,1
DA:230,1
DA:231,3
DA:232,3
DA:234,2
DA:238,2
DA:240,1
DA:243,0
DA:244,0
DA:247,0
DA:248,0
DA:249,0
DA:250,0
DA:252,0
DA:255,0
DA:259,0
DA:260,0
DA:261,0
DA:263,0
DA:264,0
DA:265,0
DA:267,0
DA:268,0
DA:270,0
DA:271,0
DA:272,0
DA:273,0
DA:274,0
DA:278,0
DA:279,0
DA:280,0
DA:281,0
DA:282,0
DA:288,2
DA:290,4
DA:291,4
DA:292,6
DA:293,4
DA:294,4
DA:295,6
DA:296,6
LF:124
LH:76
end_of_record
SF:lib/src/rendering/text_bounds_validator.dart
DA:19,10
DA:23,18
DA:24,8
DA:25,3
DA:26,6
DA:27,3
DA:29,3
DA:31,3
DA:41,3
DA:42,6
DA:44,3
DA:45,3
DA:46,6
DA:47,6
DA:51,3
DA:52,3
DA:53,3
DA:58,2
DA:59,2
DA:61,2
LF:20
LH:20
end_of_record
SF:lib/src/rendering/text_renderer.dart
DA:19,5
DA:21,10
DA:23,5
DA:24,5
DA:25,10
DA:26,5
DA:34,4
DA:35,8
DA:37,4
DA:38,8
DA:40,4
DA:41,4
DA:42,4
DA:43,24
DA:44,0
DA:45,0
DA:48,20
DA:49,4
DA:56,9
DA:57,18
DA:58,18
DA:60,9
DA:61,9
DA:62,9
DA:64,9
DA:65,9
DA:69,9
DA:70,18
DA:71,18
DA:77,0
DA:84,0
DA:86,0
DA:87,0
DA:93,0
DA:94,0
DA:97,0
DA:98,0
DA:99,0
DA:102,9
DA:104,9
DA:105,1
DA:106,1
DA:110,9
DA:111,9
DA:114,9
DA:115,18
DA:116,27
DA:118,0
DA:119,0
LF:49
LH:36
end_of_record
SF:lib/src/rendering/viewport_culling.dart
DA:12,5
DA:18,5
DA:19,10
DA:20,5
DA:21,10
DA:22,10
DA:23,15
DA:24,15
DA:27,10
DA:28,5
DA:29,9
DA:31,25
DA:32,5
DA:33,5
LF:14
LH:14
end_of_record
SF:lib/src/rendering/viewport_state.dart
DA:14,9
DA:20,8
DA:21,8
DA:22,16
DA:23,16
DA:24,24
DA:25,24
DA:33,2
DA:34,2
DA:35,14
DA:36,14
DA:41,1
DA:42,1
DA:43,6
DA:44,6
DA:52,3
DA:53,3
DA:54,3
DA:55,18
DA:56,18
DA:58,3
DA:66,1
DA:72,3
DA:75,6
DA:76,6
DA:79,1
DA:80,1
DA:81,3
DA:82,3
DA:92,1
DA:93,4
DA:97,4
DA:98,4
DA:101,6
DA:105,1
DA:106,3
DA:107,3
DA:112,5
DA:113,5
DA:115,1
DA:116,1
DA:117,4
DA:118,4
DA:124,6
DA:127,21
DA:129,1
DA:130,3
LF:47
LH:47
end_of_record
SF:lib/src/core/alignment/alignment_utils.dart
DA:12,0
DA:15,2
DA:16,5
DA:17,4
DA:18,2
DA:19,2
DA:20,2
DA:21,18
DA:26,1
DA:27,2
DA:28,2
DA:29,1
DA:30,5
DA:31,1
DA:32,1
DA:33,2
DA:34,5
DA:40,2
DA:41,4
DA:42,4
DA:43,2
DA:44,8
DA:45,2
DA:46,2
DA:47,4
DA:48,12
DA:54,2
DA:55,5
DA:56,4
DA:57,2
DA:58,2
DA:59,2
DA:60,18
DA:65,1
DA:66,2
DA:67,2
DA:68,1
DA:69,5
DA:70,1
DA:71,1
DA:72,2
DA:73,5
DA:79,2
DA:80,4
DA:81,4
DA:82,2
DA:83,8
DA:84,2
DA:85,2
DA:86,4
DA:87,12
DA:96,1
DA:97,3
DA:98,2
DA:99,7
DA:101,1
DA:102,1
DA:103,5
DA:105,6
DA:106,4
DA:108,2
DA:109,1
DA:110,2
DA:111,3
DA:112,6
DA:113,5
DA:122,1
DA:123,3
DA:124,2
DA:125,7
DA:127,1
DA:128,1
DA:129,5
DA:131,6
DA:132,4
DA:134,2
DA:135,1
DA:136,2
DA:137,3
DA:138,6
DA:139,5
DA:144,2
DA:145,4
DA:146,6
DA:147,6
DA:160,8
DA:161,8
DA:163,2
DA:165,2
DA:166,4
DA:172,2
DA:173,4
DA:174,10
DA:177,4
DA:178,4
DA:179,2
DA:180,2
DA:183,1
DA:184,3
DA:185,5
DA:186,7
DA:187,5
DA:190,1
DA:191,1
DA:192,1
DA:193,1
DA:194,3
DA:195,2
DA:196,2
DA:197,2
DA:198,2
DA:200,3
DA:203,1
DA:205,1
DA:206,1
DA:207,8
LF:116
LH:115
end_of_record
SF:lib/src/core/alignment/flip_utils.dart
DA:12,0
DA:15,2
DA:16,3
DA:17,4
DA:18,2
DA:19,10
DA:21,2
DA:22,6
DA:27,2
DA:28,3
DA:29,4
DA:30,2
DA:31,10
DA:33,2
DA:34,6
DA:38,2
DA:40,8
DA:41,4
DA:42,6
DA:45,6
DA:47,2
DA:50,2
DA:51,1
DA:52,7
DA:53,1
DA:54,1
DA:57,1
DA:58,1
DA:59,1
DA:60,1
DA:61,1
DA:62,1
DA:65,2
DA:66,1
DA:67,7
DA:68,1
DA:69,1
DA:70,1
DA:72,1
DA:73,1
DA:74,1
DA:76,1
DA:77,1
DA:79,1
DA:80,1
DA:81,1
DA:82,1
DA:83,1
DA:84,1
DA:85,1
DA:86,1
DA:87,1
DA:88,1
DA:89,1
DA:90,1
DA:91,1
DA:92,1
DA:99,2
DA:101,8
DA:102,4
DA:103,6
DA:106,6
DA:108,2
DA:111,2
DA:112,1
DA:113,7
DA:114,1
DA:115,1
DA:116,2
DA:117,0
DA:118,0
DA:119,0
DA:120,0
DA:121,0
DA:122,0
DA:124,0
DA:125,0
DA:127,0
DA:128,0
DA:130,0
DA:131,0
DA:132,0
DA:133,0
DA:134,0
DA:135,0
DA:136,0
DA:137,0
DA:138,0
DA:139,0
DA:140,0
DA:141,0
DA:142,0
DA:143,0
DA:150,2
DA:151,4
DA:152,6
DA:153,6
DA:164,2
DA:166,2
DA:167,4
DA:170,2
DA:171,4
DA:172,10
DA:175,4
DA:176,4
DA:177,2
DA:178,2
DA:180,1
DA:181,3
DA:182,5
DA:183,7
DA:184,5
DA:187,1
DA:188,1
DA:189,1
DA:190,1
DA:191,3
DA:192,2
DA:193,2
DA:194,2
DA:195,2
DA:197,3
DA:200,1
DA:202,1
DA:203,1
DA:204,8
LF:126
LH:101
end_of_record
SF:lib/src/core/math/bounds.dart
DA:11,50
DA:13,50
DA:14,150
DA:16,141
DA:17,132
DA:18,240
DA:19,222
DA:21,42
DA:22,126
DA:23,126
DA:26,17
DA:27,51
DA:28,51
DA:29,51
DA:30,51
DA:34,6
DA:35,18
DA:36,18
DA:37,18
DA:38,18
DA:41,17
DA:42,51
DA:43,51
DA:44,51
DA:45,51
DA:46,51
DA:49,4
DA:52,22
DA:54,0
DA:55,0
DA:57,1
DA:58,3
LF:32
LH:30
end_of_record
SF:lib/src/core/math/point.dart
DA:8,80
DA:12,8
DA:14,8
DA:16,6
DA:18,36
DA:19,108
DA:20,108
DA:21,144
DA:24,25
DA:27,137
DA:29,2
DA:30,6
DA:32,6
DA:33,18
LF:14
LH:14
end_of_record
SF:lib/src/core/elements/arrow_element.dart
DA:15,16
DA:17,1
DA:20,1
DA:21,3
DA:22,0
DA:24,0
DA:25,0
DA:27,0
DA:28,0
DA:38,39
DA:40,44
DA:73,44
DA:76,11
DA:83,11
DA:84,11
DA:85,11
DA:86,11
DA:87,11
DA:88,11
DA:89,11
DA:90,11
DA:91,11
DA:93,8
DA:94,10
DA:95,10
DA:96,11
DA:97,11
DA:98,11
DA:99,11
DA:100,11
DA:101,11
DA:102,11
DA:103,11
DA:104,11
DA:105,11
DA:106,11
DA:107,11
DA:108,11
DA:109,11
DA:110,11
DA:111,11
DA:112,11
DA:113,11
DA:114,11
DA:115,11
DA:116,11
DA:120,13
DA:129,13
DA:130,13
DA:131,13
DA:132,13
DA:133,13
DA:134,13
DA:135,2
DA:138,13
DA:140,13
DA:141,13
DA:142,13
DA:143,13
DA:144,13
DA:145,13
DA:146,13
DA:147,13
DA:148,13
DA:149,13
DA:150,13
DA:151,13
DA:152,13
DA:153,13
DA:154,13
DA:155,13
DA:156,13
DA:157,13
DA:158,13
DA:159,13
DA:160,13
DA:161,13
DA:162,13
DA:163,13
DA:164,13
DA:168,14
DA:201,14
DA:202,14
DA:203,9
DA:204,9
DA:205,10
DA:206,10
DA:207,14
DA:208,14
DA:209,14
DA:210,14
DA:211,14
DA:212,14
DA:213,14
DA:214,13
DA:215,14
DA:216,14
DA:217,14
DA:218,14
DA:219,14
DA:220,14
DA:221,14
DA:222,14
DA:223,14
DA:224,14
DA:225,14
DA:226,14
DA:227,14
DA:228,14
DA:229,14
DA:230,14
DA:231,14
DA:232,14
DA:233,14
LF:114
LH:109
end_of_record
SF:lib/src/core/elements/arrow_type.dart
DA:19,55
LF:1
LH:1
end_of_record
SF:lib/src/core/elements/element.dart
DA:13,4
DA:15,1
DA:18,4
DA:20,0
DA:21,0
DA:23,0
DA:24,0
DA:27,324
DA:61,113
DA:88,297
DA:89,324
DA:90,216
DA:93,8
DA:125,8
DA:126,8
DA:127,8
DA:128,8
DA:129,8
DA:130,8
DA:131,8
DA:132,8
DA:133,8
DA:134,8
DA:135,8
DA:136,8
DA:137,8
DA:138,8
DA:139,8
DA:140,8
DA:141,8
DA:142,8
DA:143,8
DA:144,7
DA:145,8
DA:146,8
DA:147,8
DA:148,8
DA:149,8
DA:150,8
DA:151,8
DA:156,35
DA:157,35
DA:158,70
DA:159,105
DA:160,70
DA:165,7
DA:166,14
DA:170,6
DA:172,12
DA:174,2
DA:175,4
DA:177,0
DA:178,0
LF:53
LH:47
end_of_record
SF:lib/src/core/elements/element_id.dart
DA:9,73
DA:12,108
DA:14,51
DA:16,152
DA:18,53
DA:19,106
DA:21,1
DA:22,1
LF:8
LH:8
end_of_record
SF:lib/src/core/elements/line_element.dart
DA:31,54
DA:65,6
DA:73,6
DA:74,6
DA:75,6
DA:76,6
DA:77,6
DA:78,6
DA:79,6
DA:80,4
DA:83,6
DA:85,6
DA:86,5
DA:87,6
DA:88,6
DA:89,6
DA:90,6
DA:91,6
DA:92,6
DA:93,6
DA:94,6
DA:95,6
DA:96,6
DA:97,6
DA:98,6
DA:99,6
DA:100,6
DA:101,6
DA:102,6
DA:103,6
DA:104,6
DA:105,6
DA:106,6
DA:110,6
DA:143,6
DA:144,6
DA:145,6
DA:146,6
DA:147,6
DA:148,6
DA:149,6
DA:150,6
DA:151,6
DA:152,6
DA:153,6
DA:154,5
DA:155,6
DA:156,6
DA:157,6
DA:158,6
DA:159,6
DA:160,6
DA:161,6
DA:162,6
DA:163,6
DA:164,6
DA:165,6
DA:166,6
DA:167,6
DA:168,6
DA:169,6
DA:170,6
DA:171,6
DA:172,6
DA:173,6
LF:65
LH:65
end_of_record
SF:lib/src/core/elements/roundness.dart
DA:12,9
DA:14,9
DA:15,9
DA:17,6
DA:18,6
DA:20,5
DA:23,11
DA:25,1
DA:26,3
DA:34,0
DA:38,0
DA:39,0
DA:40,0
DA:41,0
DA:43,0
DA:44,0
DA:45,0
DA:46,0
DA:52,1
DA:53,4
LF:20
LH:11
end_of_record
SF:lib/src/core/elements/diamond_element.dart
DA:9,23
DA:35,23
DA:37,2
DA:70,2
DA:71,2
DA:72,2
DA:73,2
DA:74,2
DA:75,2
DA:76,2
DA:77,2
DA:78,2
DA:79,2
DA:80,2
DA:81,2
DA:82,2
DA:83,2
DA:84,2
DA:85,2
DA:86,1
DA:87,1
DA:88,2
DA:89,2
DA:90,2
DA:91,2
DA:92,1
DA:93,2
DA:94,2
DA:95,2
LF:29
LH:29
end_of_record
SF:lib/src/core/elements/ellipse_element.dart
DA:9,38
DA:35,38
DA:37,6
DA:70,6
DA:71,6
DA:72,5
DA:73,5
DA:74,6
DA:75,6
DA:76,6
DA:77,6
DA:78,6
DA:79,6
DA:80,6
DA:81,6
DA:82,6
DA:83,6
DA:84,6
DA:85,6
DA:86,5
DA:87,5
DA:88,6
DA:89,6
DA:90,6
DA:91,6
DA:92,5
DA:93,6
DA:94,6
DA:95,4
LF:29
LH:29
end_of_record
SF:lib/src/core/elements/shape_converter.dart
DA:11,0
DA:15,2
DA:16,2
DA:17,2
DA:18,2
DA:24,4
DA:25,2
DA:26,2
DA:31,4
DA:32,2
DA:33,2
DA:38,1
DA:39,1
DA:40,1
DA:41,1
DA:42,1
DA:43,1
DA:44,1
DA:45,1
DA:46,1
DA:47,1
DA:48,1
DA:49,1
DA:50,1
DA:51,1
DA:52,1
DA:53,1
DA:54,1
DA:55,1
DA:56,1
DA:57,1
DA:58,1
DA:59,1
DA:63,2
DA:64,2
DA:65,2
DA:66,2
DA:67,2
DA:68,2
DA:69,2
DA:70,2
DA:71,2
DA:72,2
DA:73,2
DA:74,2
DA:75,2
DA:76,2
DA:77,2
DA:78,2
DA:79,2
DA:80,2
DA:81,2
DA:82,2
DA:83,2
DA:84,2
DA:88,2
DA:89,2
DA:90,2
DA:91,2
DA:92,2
DA:93,2
DA:94,2
DA:95,2
DA:96,2
DA:97,2
DA:98,2
DA:99,2
DA:100,2
DA:101,2
DA:102,2
DA:103,2
DA:104,2
DA:105,2
DA:106,2
DA:107,2
DA:108,2
DA:109,2
LF:77
LH:76
end_of_record
SF:lib/src/core/elements/frame_element.dart
DA:15,14
DA:42,14
DA:44,4
DA:77,4
DA:78,3
DA:79,3
DA:80,3
DA:81,4
DA:82,4
DA:83,4
DA:84,4
DA:85,4
DA:86,4
DA:87,4
DA:88,4
DA:89,4
DA:90,4
DA:91,4
DA:92,4
DA:93,4
DA:94,4
DA:95,4
DA:96,4
DA:97,3
DA:98,4
DA:99,3
DA:100,4
DA:101,4
DA:102,4
DA:103,4
DA:108,1
DA:109,1
DA:110,1
DA:111,1
DA:112,1
DA:113,1
DA:114,1
DA:116,1
DA:117,1
DA:118,1
DA:119,1
DA:120,1
DA:121,1
DA:122,1
DA:123,1
DA:124,1
DA:125,1
DA:126,1
DA:127,1
DA:128,1
DA:129,1
DA:130,1
DA:131,1
DA:132,1
DA:133,1
DA:134,1
DA:135,1
LF:57
LH:57
end_of_record
SF:lib/src/core/elements/freedraw_element.dart
DA:14,20
DA:43,20
DA:46,2
DA:51,2
DA:52,2
DA:53,2
DA:54,2
DA:55,2
DA:56,2
DA:57,0
DA:58,2
DA:59,1
DA:60,2
DA:61,2
DA:62,2
DA:63,2
DA:64,2
DA:65,2
DA:66,2
DA:67,2
DA:68,2
DA:69,2
DA:70,2
DA:71,2
DA:72,2
DA:73,2
DA:74,2
DA:75,2
DA:76,2
DA:77,2
DA:78,2
DA:79,2
DA:83,3
DA:116,3
DA:117,3
DA:118,2
DA:119,3
DA:120,3
DA:121,3
DA:122,3
DA:123,3
DA:124,3
DA:125,2
DA:126,3
DA:127,3
DA:128,3
DA:129,3
DA:130,3
DA:131,3
DA:132,3
DA:133,3
DA:134,3
DA:135,3
DA:136,3
DA:137,3
DA:138,3
DA:139,3
DA:140,3
DA:141,3
DA:142,3
DA:143,3
DA:144,3
LF:62
LH:61
end_of_record
SF:lib/src/core/elements/image_crop.dart
DA:11,3
DA:19,24
DA:21,1
DA:27,1
DA:28,0
DA:29,1
DA:30,1
DA:31,1
DA:35,2
DA:38,2
DA:39,6
DA:40,3
DA:41,3
DA:42,3
DA:44,0
DA:45,0
DA:47,0
DA:48,0
LF:18
LH:13
end_of_record
SF:lib/src/core/elements/image_element.dart
DA:19,11
DA:49,11
DA:51,4
DA:84,4
DA:85,4
DA:86,2
DA:87,2
DA:88,4
DA:89,4
DA:90,4
DA:91,4
DA:92,4
DA:93,4
DA:94,4
DA:95,4
DA:96,4
DA:97,4
DA:98,4
DA:99,4
DA:100,4
DA:101,4
DA:102,4
DA:103,4
DA:104,4
DA:105,4
DA:106,4
DA:107,4
DA:108,4
DA:109,4
DA:110,4
DA:111,4
DA:112,4
DA:113,4
DA:118,2
DA:125,2
DA:126,2
DA:127,2
DA:128,2
DA:129,2
DA:130,2
DA:131,2
DA:132,2
DA:133,1
DA:134,1
DA:135,2
DA:136,2
DA:137,2
DA:138,2
DA:139,2
DA:140,2
DA:141,2
DA:142,2
DA:143,2
DA:144,2
DA:145,2
DA:146,2
DA:147,2
DA:148,2
DA:149,2
DA:150,2
DA:151,2
DA:152,2
DA:153,2
DA:154,2
LF:64
LH:64
end_of_record
SF:lib/src/core/elements/image_file.dart
DA:8,11
DA:10,2
DA:13,1
DA:14,3
DA:15,3
DA:17,0
DA:18,0
DA:20,1
DA:21,3
DA:22,3
DA:23,3
DA:28,0
DA:29,0
LF:13
LH:9
end_of_record
SF:lib/src/core/elements/rectangle_element.dart
DA:9,77
DA:35,77
DA:37,33
DA:70,33
DA:71,31
DA:72,29
DA:73,29
DA:74,33
DA:75,33
DA:76,32
DA:77,33
DA:78,33
DA:79,33
DA:80,33
DA:81,33
DA:82,33
DA:83,33
DA:84,33
DA:85,33
DA:86,33
DA:87,33
DA:88,33
DA:89,33
DA:90,32
DA:91,31
DA:92,33
DA:93,33
DA:94,33
DA:95,29
LF:29
LH:29
end_of_record
SF:lib/src/core/elements/text_element.dart
DA:32,39
DA:66,39
DA:69,6
DA:80,6
DA:81,6
DA:82,6
DA:83,6
DA:84,6
DA:85,6
DA:86,5
DA:87,5
DA:88,6
DA:89,6
DA:90,6
DA:92,4
DA:93,6
DA:94,6
DA:95,6
DA:96,6
DA:97,6
DA:98,6
DA:99,6
DA:100,6
DA:101,6
DA:102,6
DA:103,6
DA:104,6
DA:105,6
DA:106,6
DA:107,6
DA:108,6
DA:109,6
DA:110,6
DA:111,6
DA:112,6
DA:113,6
DA:114,6
DA:118,11
DA:151,11
DA:152,11
DA:153,9
DA:154,9
DA:155,10
DA:156,10
DA:157,11
DA:158,11
DA:159,11
DA:160,11
DA:161,11
DA:162,11
DA:163,11
DA:164,11
DA:165,11
DA:166,11
DA:167,11
DA:168,11
DA:169,11
DA:170,11
DA:171,11
DA:172,11
DA:173,11
DA:174,11
DA:175,11
DA:176,11
DA:177,11
DA:178,11
DA:179,11
DA:180,11
DA:181,11
DA:182,11
DA:183,11
DA:184,10
LF:72
LH:72
end_of_record
SF:lib/src/core/groups/frame_utils.dart
DA:9,0
DA:13,4
DA:14,4
DA:15,20
DA:16,4
DA:20,3
DA:21,9
DA:22,9
DA:23,21
DA:24,21
DA:28,1
DA:32,5
DA:36,3
DA:37,12
DA:44,13
DA:48,26
DA:49,13
DA:50,6
DA:51,2
DA:53,6
DA:54,2
DA:63,3
DA:64,3
DA:65,3
LF:24
LH:23
end_of_record
SF:lib/src/core/groups/group_utils.dart
DA:10,0
DA:13,5
DA:14,10
DA:15,6
DA:19,1
DA:20,2
DA:21,2
DA:26,3
DA:27,3
DA:28,12
DA:29,3
DA:34,2
DA:39,2
DA:40,4
DA:41,4
DA:42,4
DA:51,2
DA:55,4
DA:56,8
DA:57,2
DA:64,2
DA:65,4
DA:66,4
DA:67,6
DA:68,2
DA:69,2
DA:82,6
DA:87,12
DA:90,10
DA:91,4
DA:92,2
DA:94,8
LF:32
LH:31
end_of_record
SF:lib/src/core/history/history_manager.dart
DA:13,13
DA:15,6
DA:16,6
DA:17,6
DA:18,3
DA:22,8
DA:23,16
DA:24,32
DA:25,2
DA:27,16
DA:32,4
DA:33,8
DA:34,8
DA:35,8
DA:40,3
DA:41,6
DA:42,6
DA:43,6
DA:47,10
DA:48,20
DA:49,20
LF:21
LH:21
end_of_record
SF:lib/src/core/scene/scene.dart
DA:11,72
DA:15,59
DA:16,59
DA:18,59
DA:22,34
DA:25,51
DA:26,249
DA:29,29
DA:30,58
DA:31,49
DA:32,40
DA:33,4
DA:34,5
DA:35,12
DA:41,59
DA:42,295
DA:46,8
DA:47,48
DA:48,32
DA:49,16
DA:54,25
DA:55,75
DA:56,75
DA:57,25
DA:60,25
DA:61,50
DA:65,29
DA:66,58
DA:67,58
DA:73,5
DA:74,15
DA:75,15
DA:77,5
DA:78,10
DA:82,4
DA:83,24
DA:87,2
DA:88,6
DA:89,6
DA:94,28
DA:95,56
DA:96,28
DA:97,58
DA:106,1
DA:108,2
DA:109,1
DA:110,5
DA:111,1
DA:125,16
DA:126,80
DA:128,61
DA:129,16
DA:131,20
DA:133,16
DA:134,6
DA:136,80
DA:137,16
DA:144,6
DA:145,6
DA:146,6
DA:150,12
DA:151,0
DA:152,0
DA:153,0
DA:154,0
DA:155,0
DA:156,0
DA:157,0
DA:161,12
DA:162,0
DA:163,0
DA:167,23
DA:168,54
DA:169,66
DA:170,12
DA:176,6
DA:177,18
DA:178,18
DA:179,18
DA:180,6
DA:181,60
DA:182,6
DA:183,42
DA:184,6
LF:84
LH:75
end_of_record
SF:lib/src/core/io/document_service.dart
DA:13,2
DA:24,4
DA:25,4
DA:26,8
DA:27,2
DA:29,12
DA:31,4
DA:33,2
DA:34,2
DA:36,2
DA:38,2
DA:41,2
DA:49,1
DA:50,1
DA:51,2
DA:53,1
DA:54,1
DA:55,1
DA:56,1
DA:57,0
DA:58,0
DA:59,0
DA:60,0
DA:68,1
DA:73,1
DA:76,1
DA:77,1
DA:78,1
DA:79,1
DA:80,0
DA:81,0
DA:82,0
DA:83,0
DA:86,2
DA:94,1
DA:98,1
DA:99,2
DA:106,1
DA:107,1
DA:108,2
DA:110,1
DA:111,1
DA:112,1
DA:113,1
DA:114,0
DA:115,0
DA:116,0
DA:117,0
DA:125,1
DA:130,1
DA:133,1
DA:134,1
DA:135,1
DA:136,1
DA:137,0
DA:138,0
DA:139,0
DA:140,0
DA:143,2
LF:59
LH:43
end_of_record
SF:lib/src/core/io/scene_document_converter.dart
DA:9,0
DA:19,8
DA:23,36
DA:24,8
DA:26,8
DA:27,16
DA:28,8
DA:37,8
DA:38,8
DA:39,8
DA:41,14
DA:42,6
DA:43,12
DA:44,6
DA:45,24
DA:52,6
DA:54,6
DA:55,6
DA:56,6
DA:57,6
DA:58,5
DA:59,5
DA:60,3
DA:61,3
DA:62,1
DA:63,0
DA:72,6
DA:73,6
DA:74,6
DA:75,12
DA:76,16
DA:77,16
DA:79,12
DA:80,0
DA:84,10
DA:85,4
DA:86,1
DA:88,1
DA:90,1
LF:39
LH:36
end_of_record
SF:lib/src/editor/bindings/binding_utils.dart
DA:15,0
DA:18,10
DA:19,20
DA:27,10
DA:36,20
DA:37,10
DA:38,2
DA:40,8
DA:41,8
DA:45,7
DA:47,8
DA:65,8
DA:67,8
DA:69,8
DA:70,8
DA:71,24
DA:72,24
DA:73,8
DA:74,8
DA:76,16
DA:77,16
DA:78,16
DA:79,16
DA:83,32
DA:84,32
DA:85,8
DA:89,4
DA:90,4
DA:92,14
DA:93,14
DA:94,14
DA:95,14
DA:97,4
DA:99,2
DA:100,6
DA:101,2
DA:102,1
DA:103,3
DA:104,1
DA:105,1
DA:106,3
DA:107,1
DA:109,3
DA:110,1
DA:118,11
DA:119,22
DA:120,22
DA:121,11
DA:122,44
DA:123,44
DA:125,11
DA:132,5
DA:134,8
DA:136,5
DA:137,45
DA:138,5
DA:143,5
DA:145,20
DA:147,15
DA:153,5
DA:155,16
DA:157,12
DA:158,8
DA:167,5
DA:169,1
DA:170,9
DA:171,1
DA:174,1
DA:175,3
DA:176,1
DA:178,1
DA:179,3
DA:180,1
DA:184,1
DA:194,1
DA:195,1
DA:196,2
DA:198,1
DA:199,3
DA:201,1
DA:202,1
DA:203,1
DA:211,10
DA:212,10
DA:213,10
DA:214,10
DA:215,10
DA:216,10
DA:217,10
DA:218,10
DA:219,10
DA:222,40
DA:224,10
DA:227,5
DA:228,5
DA:233,20
DA:234,20
DA:235,40
DA:236,20
DA:237,37
DA:238,25
DA:239,7
DA:248,8
DA:249,8
DA:250,24
DA:251,40
DA:252,24
DA:253,40
DA:258,8
DA:260,8
DA:262,8
DA:263,8
DA:264,24
DA:265,24
DA:268,16
DA:269,16
DA:272,16
DA:273,16
DA:274,16
DA:275,16
DA:276,8
DA:277,16
DA:278,16
DA:279,16
DA:280,16
DA:281,8
DA:285,14
DA:290,8
DA:291,16
DA:292,4
DA:293,4
DA:294,3
DA:299,11
DA:300,22
DA:301,4
DA:302,4
DA:303,2
DA:307,1
DA:309,1
DA:310,1
DA:311,2
DA:312,2
DA:313,1
DA:314,4
DA:315,4
LF:145
LH:144
end_of_record
SF:lib/src/core/math/fractional_index.dart
DA:7,0
DA:18,6
DA:19,6
DA:21,6
DA:27,3
DA:28,3
DA:32,3
DA:33,9
DA:34,6
DA:35,3
DA:36,9
DA:37,9
DA:41,0
DA:47,1
DA:48,3
DA:51,4
DA:52,1
DA:53,4
DA:54,4
DA:55,1
DA:57,2
DA:59,2
DA:60,3
DA:64,3
DA:65,1
DA:66,3
DA:67,6
DA:72,0
DA:78,9
DA:79,12
DA:80,7
DA:82,0
DA:84,4
DA:85,4
DA:86,3
DA:89,5
DA:91,10
DA:93,1
DA:95,5
DA:97,1
DA:99,5
LF:41
LH:37
end_of_record
SF:lib/src/core/layer/layer_utils.dart
DA:10,0
DA:15,1
DA:16,1
DA:18,4
DA:19,5
DA:21,4
DA:22,2
DA:25,3
DA:27,2
DA:29,1
DA:30,3
DA:31,4
DA:37,2
DA:38,3
DA:39,2
DA:40,2
DA:41,2
DA:42,4
DA:43,4
DA:44,2
DA:46,2
DA:49,4
DA:52,4
DA:53,4
DA:55,8
DA:56,0
DA:61,4
DA:62,2
DA:63,6
DA:64,6
DA:65,6
DA:66,4
DA:68,5
DA:70,2
DA:76,2
DA:77,3
DA:78,2
DA:79,2
DA:80,2
DA:81,4
DA:82,4
DA:83,2
DA:85,2
DA:88,4
DA:90,4
DA:92,4
DA:93,2
DA:94,6
DA:95,6
DA:96,6
DA:97,4
DA:98,5
DA:100,2
DA:106,2
DA:107,2
DA:108,2
DA:112,2
DA:113,6
DA:114,8
DA:115,6
DA:118,2
DA:119,10
DA:120,0
DA:122,4
DA:125,2
DA:126,2
DA:127,2
DA:128,2
DA:129,2
DA:130,2
DA:133,4
DA:134,5
DA:136,4
DA:137,5
DA:139,2
DA:140,2
DA:143,2
DA:144,2
DA:151,2
DA:152,3
DA:153,2
DA:155,2
DA:156,6
DA:157,6
DA:158,6
DA:161,2
DA:162,8
DA:163,0
DA:165,2
DA:167,2
DA:168,2
DA:169,2
DA:170,2
DA:171,2
DA:172,2
DA:174,4
DA:175,5
DA:177,4
DA:178,5
DA:180,2
DA:181,2
DA:183,2
DA:184,2
DA:195,2
DA:196,2
DA:197,8
DA:198,10
DA:199,8
DA:201,4
DA:203,3
DA:205,2
DA:207,1
DA:208,1
DA:209,3
DA:210,3
DA:211,1
DA:212,1
DA:215,2
DA:216,5
LF:119
LH:115
end_of_record
SF:lib/src/core/library/library_document.dart
DA:9,4
DA:11,0
DA:12,0
DA:16,1
DA:17,4
DA:21,1
DA:22,1
DA:23,6
DA:27,0
DA:28,0
LF:10
LH:6
end_of_record
SF:lib/src/core/library/library_item.dart
DA:16,5
DA:25,1
DA:33,1
DA:34,1
DA:35,0
DA:36,0
DA:37,1
DA:38,1
DA:39,1
DA:43,1
DA:45,4
DA:47,1
DA:48,2
DA:50,0
DA:52,0
LF:15
LH:11
end_of_record
SF:lib/src/core/library/library_utils.dart
DA:10,0
DA:16,2
DA:22,2
DA:23,0
DA:24,0
DA:26,0
DA:31,10
DA:32,2
DA:33,4
DA:34,3
DA:35,1
DA:36,4
DA:37,3
DA:38,1
DA:39,3
DA:46,6
DA:47,6
DA:49,6
DA:50,6
DA:54,14
DA:55,2
DA:58,2
DA:59,4
DA:60,6
DA:61,8
DA:65,2
DA:66,4
DA:68,4
DA:79,2
DA:83,4
DA:84,0
DA:87,2
DA:89,2
DA:90,2
DA:93,4
DA:94,4
DA:95,8
DA:100,4
DA:101,8
DA:105,2
DA:106,10
DA:107,6
DA:108,2
DA:109,10
DA:110,6
DA:111,6
DA:112,6
DA:115,4
DA:116,6
DA:119,3
DA:120,2
DA:124,10
DA:127,2
DA:128,4
DA:129,3
DA:133,5
DA:134,2
DA:135,1
DA:136,1
DA:137,1
DA:139,2
DA:141,2
DA:143,4
DA:144,4
DA:151,3
DA:152,2
DA:154,1
DA:155,1
DA:161,2
DA:162,0
DA:163,0
DA:164,0
DA:165,0
DA:166,0
DA:167,0
DA:170,0
DA:171,0
DA:172,0
DA:173,0
DA:176,0
DA:177,0
DA:178,0
DA:187,4
DA:191,6
DA:192,8
DA:195,4
DA:196,2
LF:87
LH:69
end_of_record
SF:lib/src/core/math/size.dart
DA:8,53
DA:12,4
DA:16,1
DA:17,6
DA:19,4
DA:22,28
DA:24,1
DA:25,3
DA:27,2
DA:28,6
LF:10
LH:10
end_of_record
SF:lib/src/core/math/elbow_routing.dart
DA:13,0
DA:25,6
DA:26,6
DA:27,6
DA:31,6
DA:33,6
DA:35,12
DA:37,6
DA:38,6
DA:39,4
DA:46,4
DA:47,12
DA:48,12
DA:50,12
DA:51,4
DA:53,2
DA:62,7
DA:68,4
DA:69,8
DA:72,7
DA:74,14
DA:77,7
DA:79,28
DA:80,7
DA:94,2
DA:99,4
DA:101,2
DA:103,4
DA:106,0
DA:107,1
DA:110,7
DA:111,6
DA:116,3
DA:119,0
DA:122,2
DA:128,1
DA:131,1
DA:132,1
DA:133,5
DA:134,4
DA:139,0
DA:143,4
DA:149,4
DA:150,2
DA:153,4
DA:154,4
DA:155,10
DA:156,8
DA:161,10
DA:165,10
DA:169,2
DA:173,7
DA:174,15
DA:177,14
DA:178,28
DA:179,7
DA:180,7
DA:181,14
DA:184,7
DA:185,7
DA:188,14
DA:191,14
DA:193,14
DA:194,28
DA:195,7
DA:196,7
DA:197,14
DA:198,7
DA:201,14
DA:207,7
DA:209,7
DA:211,7
DA:213,7
DA:215,5
DA:221,7
DA:223,7
DA:224,8
DA:225,7
DA:226,20
DA:227,7
DA:228,20
DA:229,7
DA:230,28
DA:235,7
DA:237,42
DA:239,42
DA:244,7
DA:245,14
DA:250,7
DA:256,7
DA:257,7
DA:261,7
DA:264,5
DA:267,1
DA:270,0
DA:275,7
DA:278,28
DA:279,7
DA:280,14
DA:281,14
DA:286,5
DA:288,20
DA:289,5
DA:290,10
DA:291,10
DA:296,1
DA:298,4
DA:302,0
DA:304,0
LF:109
LH:102
end_of_record
SF:lib/src/core/serialization/canvas_settings.dart
DA:8,20
DA:15,18
DA:16,36
DA:17,36
DA:18,18
DA:19,18
DA:21,2
DA:29,2
DA:30,2
DA:31,2
DA:32,2
DA:33,2
DA:37,4
DA:40,2
DA:41,6
DA:42,6
DA:43,3
DA:44,3
DA:46,2
DA:47,10
DA:49,0
DA:51,0
LF:22
LH:20
end_of_record
SF:lib/src/core/serialization/clipboard_codec.dart
DA:13,4
DA:14,4
DA:15,8
DA:17,4
DA:23,4
DA:24,4
DA:26,4
DA:27,8
DA:28,4
DA:33,4
DA:34,6
LF:11
LH:11
end_of_record
SF:lib/src/core/serialization/document_parser.dart
DA:23,6
DA:39,17
DA:40,17
DA:41,4
DA:44,17
DA:47,17
DA:48,34
DA:49,34
DA:50,34
DA:52,34
DA:53,2
DA:54,2
DA:60,17
DA:61,17
DA:62,17
DA:65,17
DA:66,17
DA:69,34
DA:70,51
DA:71,12
DA:73,17
DA:74,17
DA:77,17
DA:78,17
DA:79,85
DA:80,32
DA:81,16
DA:83,51
DA:86,17
DA:88,17
DA:93,34
DA:94,12
DA:96,2
DA:97,2
DA:100,2
DA:101,10
DA:102,4
DA:103,2
DA:104,2
DA:105,2
DA:106,2
DA:107,4
DA:108,2
DA:109,2
DA:110,2
DA:111,4
DA:113,2
DA:114,4
DA:116,2
DA:119,0
DA:120,0
DA:121,0
DA:127,2
DA:129,6
DA:131,6
DA:132,8
DA:133,4
DA:137,17
DA:140,17
DA:141,34
DA:142,17
DA:143,34
DA:147,34
DA:148,4
DA:149,8
DA:152,4
DA:153,8
DA:154,12
DA:157,4
DA:158,8
DA:159,4
DA:160,12
DA:161,12
DA:162,4
DA:163,4
DA:166,4
DA:168,4
DA:169,4
DA:174,1
DA:177,17
DA:178,17
DA:181,34
DA:189,17
DA:190,33
DA:191,16
DA:192,32
DA:193,4
DA:194,4
DA:195,3
DA:203,17
DA:207,17
DA:208,17
DA:209,4
DA:213,17
DA:218,17
DA:220,50
DA:221,32
DA:222,48
DA:228,15
DA:230,15
DA:233,15
DA:234,3
DA:235,3
DA:236,3
DA:237,3
DA:240,3
DA:241,6
DA:242,6
DA:244,3
DA:245,6
DA:249,6
DA:250,4
DA:251,2
DA:253,3
DA:254,3
DA:255,3
DA:257,3
DA:258,3
DA:261,3
DA:263,3
DA:264,3
DA:267,3
DA:269,2
DA:273,3
DA:274,3
DA:275,6
DA:276,6
DA:277,6
DA:285,9
DA:286,9
DA:288,3
DA:291,30
DA:292,30
DA:293,15
DA:294,30
DA:304,3
DA:306,9
DA:307,1
DA:309,9
DA:310,3
DA:314,2
DA:315,2
DA:317,2
LF:143
LH:140
end_of_record
SF:lib/src/core/serialization/document_section.dart
DA:5,26
DA:12,2
DA:14,1
DA:17,4
DA:19,1
DA:20,2
DA:22,0
DA:23,0
DA:30,26
DA:31,26
DA:33,1
DA:36,1
DA:37,5
DA:38,4
DA:39,5
DA:44,1
DA:45,2
DA:47,0
DA:48,0
LF:19
LH:15
end_of_record
SF:lib/src/core/serialization/document_serializer.dart
DA:11,17
DA:12,17
DA:13,34
DA:16,34
DA:17,4
DA:18,16
DA:19,16
DA:20,8
DA:21,12
DA:23,4
DA:25,4
DA:30,68
DA:31,34
DA:33,17
DA:34,4
DA:35,17
DA:36,17
DA:40,68
DA:41,2
DA:42,2
DA:47,34
DA:49,3
DA:50,3
DA:52,3
DA:55,17
DA:58,17
DA:64,17
DA:65,41
DA:66,21
DA:70,17
DA:71,62
DA:75,17
DA:76,32
DA:77,23
DA:78,12
DA:82,17
DA:83,17
DA:84,34
DA:85,4
DA:88,32
DA:90,23
DA:94,45
DA:95,45
DA:99,6
DA:106,6
DA:108,15
DA:114,15
DA:118,17
DA:121,3
DA:122,3
DA:123,9
DA:124,9
DA:125,15
DA:127,3
LF:54
LH:54
end_of_record
SF:lib/src/core/serialization/markdraw_document.dart
DA:12,25
DA:18,25
DA:19,25
DA:20,25
DA:23,22
DA:24,22
DA:25,44
DA:26,22
DA:27,44
DA:34,3
DA:37,1
DA:38,3
DA:39,3
DA:44,1
DA:50,1
DA:51,1
DA:52,0
DA:53,1
DA:54,1
LF:19
LH:18
end_of_record
SF:lib/src/core/serialization/color_names.dart
DA:165,24
DA:167,8
DA:168,8
DA:169,16
DA:172,24
DA:176,8
DA:177,8
DA:187,9
DA:189,9
DA:192,25
DA:193,3
DA:194,3
DA:195,3
DA:196,3
DA:200,22
DA:201,4
DA:205,18
DA:217,8
DA:219,24
DA:223,9
DA:224,3
DA:225,27
DA:226,12
LF:23
LH:23
end_of_record
SF:lib/src/core/serialization/frontmatter_parser.dart
DA:9,18
DA:14,18
DA:15,18
DA:16,1
DA:17,1
DA:24,18
DA:27,72
DA:28,16
DA:29,16
DA:37,6
DA:38,18
DA:39,18
DA:45,6
DA:47,1
DA:48,1
DA:52,1
DA:62,6
DA:67,12
DA:68,12
DA:69,6
DA:71,6
DA:72,6
DA:74,12
DA:75,18
DA:78,12
DA:79,18
DA:83,6
DA:84,6
DA:85,6
DA:87,5
DA:88,4
DA:90,4
DA:91,2
DA:92,2
DA:99,18
DA:102,12
DA:104,6
DA:105,6
DA:106,6
LF:39
LH:39
end_of_record
SF:lib/src/core/serialization/parse_result.dart
DA:7,15
DA:13,1
DA:16,1
DA:17,3
DA:18,0
DA:19,0
DA:21,1
DA:22,4
DA:24,1
DA:25,3
DA:33,28
DA:34,28
DA:36,15
LF:13
LH:11
end_of_record
SF:lib/src/core/serialization/sketch_line_parser.dart
DA:16,12
DA:38,5
DA:59,19
DA:60,19
DA:61,38
DA:62,1
DA:65,76
DA:69,34
DA:70,24
DA:71,21
DA:72,19
DA:73,17
DA:74,18
DA:75,16
DA:76,19
DA:77,13
DA:78,4
DA:80,4
DA:81,4
DA:83,4
DA:90,0
DA:92,0
DA:93,0
DA:95,0
DA:107,4
DA:110,4
DA:111,4
DA:114,4
DA:115,16
DA:118,8
DA:119,4
DA:120,20
DA:122,4
DA:124,4
DA:128,4
DA:129,12
DA:131,3
DA:132,6
DA:134,3
DA:139,2
DA:141,2
DA:146,4
DA:147,12
DA:149,3
DA:150,6
DA:152,3
DA:157,2
DA:159,2
DA:164,8
DA:170,4
DA:175,15
DA:180,15
DA:181,15
DA:182,15
DA:183,15
DA:184,15
DA:186,24
DA:187,30
DA:190,30
DA:196,15
DA:197,15
DA:198,15
DA:199,15
DA:200,15
DA:201,15
DA:202,15
DA:203,15
DA:204,15
DA:205,15
DA:206,15
DA:207,15
DA:208,15
DA:210,16
DA:216,8
DA:217,8
DA:218,8
DA:219,8
DA:220,8
DA:221,8
DA:222,8
DA:223,8
DA:224,8
DA:225,8
DA:226,8
DA:227,8
DA:228,8
DA:230,10
DA:236,5
DA:237,5
DA:238,5
DA:239,5
DA:240,5
DA:241,5
DA:242,5
DA:243,5
DA:244,5
DA:245,5
DA:246,5
DA:247,5
DA:248,5
DA:253,15
DA:258,3
DA:259,3
DA:260,3
DA:261,3
DA:262,3
DA:263,3
DA:264,3
DA:266,4
DA:267,6
DA:269,3
DA:276,3
DA:277,3
DA:278,3
DA:279,3
DA:280,3
DA:281,3
DA:282,3
DA:283,3
DA:284,3
DA:285,3
DA:286,3
DA:287,3
DA:288,3
DA:291,3
DA:296,3
DA:297,3
DA:298,3
DA:299,3
DA:300,3
DA:301,3
DA:302,3
DA:303,3
DA:304,3
DA:308,1
DA:309,2
DA:310,1
DA:311,2
DA:312,2
DA:313,2
DA:314,2
DA:319,5
DA:320,6
DA:322,3
DA:331,3
DA:332,3
DA:333,3
DA:334,3
DA:335,3
DA:336,3
DA:337,3
DA:338,3
DA:339,3
DA:340,3
DA:341,3
DA:342,3
DA:345,3
DA:350,6
DA:351,6
DA:352,6
DA:353,6
DA:354,6
DA:355,6
DA:356,12
DA:357,6
DA:360,12
DA:361,6
DA:362,6
DA:363,6
DA:364,6
DA:366,6
DA:368,9
DA:369,12
DA:371,6
DA:382,6
DA:383,6
DA:384,6
DA:385,6
DA:386,6
DA:387,6
DA:388,6
DA:389,6
DA:390,6
DA:391,6
DA:392,6
DA:393,6
DA:396,6
DA:401,5
DA:402,5
DA:403,5
DA:404,5
DA:405,5
DA:406,10
DA:407,10
DA:408,5
DA:410,9
DA:411,10
DA:413,5
DA:414,5
DA:416,5
DA:426,5
DA:427,5
DA:428,5
DA:429,5
DA:430,5
DA:431,5
DA:432,5
DA:433,5
DA:434,5
DA:435,5
DA:436,5
DA:437,5
DA:440,5
DA:445,9
DA:446,9
DA:447,9
DA:448,9
DA:449,18
DA:450,9
DA:452,2
DA:455,9
DA:456,9
DA:466,5
DA:467,3
DA:468,15
DA:470,9
DA:475,5
DA:476,3
DA:477,15
DA:479,9
DA:491,5
DA:494,0
DA:496,6
DA:499,16
DA:500,18
DA:502,9
DA:505,6
DA:508,9
DA:512,2
DA:513,1
DA:514,0
DA:517,9
DA:520,9
DA:527,9
DA:537,9
DA:538,9
DA:539,9
DA:540,9
DA:541,9
DA:542,9
DA:543,9
DA:544,9
DA:545,9
DA:546,9
DA:547,9
DA:548,9
DA:552,15
DA:553,5
DA:561,9
DA:566,5
DA:567,5
DA:568,5
DA:569,5
DA:570,5
DA:572,5
DA:573,5
DA:575,8
DA:576,10
DA:578,5
DA:579,5
DA:581,5
DA:590,5
DA:591,5
DA:592,5
DA:593,5
DA:594,5
DA:595,5
DA:596,5
DA:597,5
DA:598,5
DA:599,5
DA:600,5
DA:601,5
DA:604,5
DA:609,6
DA:611,6
DA:612,6
DA:617,6
DA:619,6
DA:620,6
DA:625,11
DA:627,11
DA:628,11
DA:629,11
DA:630,11
DA:631,11
DA:632,11
DA:633,11
DA:634,11
DA:635,11
DA:636,11
DA:637,11
DA:638,11
DA:643,11
DA:644,11
DA:645,22
DA:646,22
DA:647,22
DA:648,22
DA:649,22
DA:650,25
DA:651,25
DA:652,31
DA:653,30
DA:655,22
DA:659,19
DA:661,28
DA:666,2
DA:667,8
DA:668,14
DA:674,15
DA:675,15
DA:678,9
DA:680,5
DA:681,5
DA:682,2
DA:683,6
DA:684,4
DA:685,4
DA:686,4
DA:688,2
DA:695,8
DA:696,64
DA:700,52
DA:721,19
DA:742,19
DA:744,38
DA:746,17
DA:747,51
DA:749,68
DA:752,17
DA:755,51
DA:757,68
DA:760,8
DA:761,24
DA:762,8
DA:765,8
DA:766,24
DA:767,0
DA:768,8
DA:771,16
DA:772,16
DA:773,40
DA:774,8
DA:777,5
DA:778,15
DA:779,4
DA:780,12
DA:783,19
DA:785,76
DA:786,4
DA:788,76
DA:789,18
DA:792,19
DA:793,19
DA:795,5
DA:798,0
DA:799,0
DA:801,0
DA:805,9
DA:806,36
DA:809,5
DA:810,5
DA:814,19
DA:816,76
DA:819,19
DA:820,19
DA:821,19
DA:822,19
DA:823,19
DA:824,19
DA:825,19
DA:826,19
DA:827,19
DA:828,19
DA:829,19
DA:830,19
DA:831,19
DA:832,2
DA:833,2
DA:834,19
DA:835,19
DA:837,19
DA:838,7
DA:839,5
DA:840,19
DA:842,19
DA:846,4
DA:848,6
DA:856,19
DA:858,19
DA:859,19
DA:860,19
DA:861,19
DA:866,19
DA:868,19
DA:869,19
DA:870,19
LF:408
LH:398
end_of_record
SF:lib/src/core/serialization/sketch_line_serializer.dart
DA:15,3
DA:17,3
DA:18,6
DA:20,3
DA:21,3
DA:22,3
DA:23,2
DA:34,19
DA:41,27
DA:42,23
DA:43,19
DA:44,20
DA:45,29
DA:46,17
DA:47,13
DA:48,16
DA:49,10
DA:50,0
DA:55,8
DA:62,8
DA:63,3
DA:68,8
DA:69,1
DA:70,0
DA:71,0
DA:73,8
DA:76,8
DA:82,8
DA:83,8
DA:84,24
DA:85,24
DA:86,24
DA:87,8
DA:88,8
DA:89,8
DA:92,3
DA:99,3
DA:100,3
DA:101,9
DA:103,3
DA:104,3
DA:105,3
DA:106,3
DA:109,8
DA:110,16
DA:111,6
DA:112,3
DA:114,6
DA:116,16
DA:117,6
DA:118,3
DA:120,3
DA:122,16
DA:123,32
DA:125,16
DA:126,8
DA:128,16
DA:129,8
DA:133,2
DA:134,2
DA:135,2
DA:136,6
DA:137,6
DA:138,6
DA:139,2
DA:140,2
DA:143,3
DA:144,3
DA:145,3
DA:146,9
DA:147,9
DA:148,9
DA:149,7
DA:150,2
DA:151,2
DA:152,18
DA:155,6
DA:156,4
DA:158,3
DA:159,3
DA:162,14
DA:163,14
DA:164,14
DA:165,42
DA:166,42
DA:167,14
DA:168,14
DA:171,8
DA:172,8
DA:173,8
DA:174,24
DA:175,24
DA:176,24
DA:177,16
DA:178,4
DA:179,2
DA:181,4
DA:183,16
DA:184,6
DA:185,3
DA:187,11
DA:189,16
DA:190,8
DA:192,16
DA:193,8
DA:195,8
DA:196,8
DA:199,5
DA:200,5
DA:201,5
DA:202,10
DA:203,15
DA:204,5
DA:205,1
DA:207,5
DA:208,5
DA:211,8
DA:217,8
DA:218,8
DA:220,8
DA:221,8
DA:222,8
DA:226,9
DA:233,16
DA:237,4
DA:239,12
DA:240,0
DA:241,8
DA:242,14
DA:243,6
DA:245,6
DA:246,2
DA:247,4
DA:251,4
DA:252,12
DA:256,4
DA:258,12
DA:259,0
DA:260,8
DA:261,14
DA:262,6
DA:264,6
DA:265,2
DA:266,4
DA:270,4
DA:271,12
DA:274,14
DA:278,9
DA:279,9
DA:281,3
DA:282,2
DA:283,1
DA:284,1
DA:285,0
DA:286,0
DA:290,27
DA:293,5
DA:294,5
DA:295,5
DA:296,10
DA:297,10
DA:298,12
DA:299,6
DA:301,5
DA:302,5
DA:304,5
DA:305,5
DA:308,19
DA:310,28
DA:314,17
DA:315,68
DA:318,17
DA:319,68
DA:322,9
DA:324,63
DA:325,9
DA:326,18
DA:329,11
DA:336,6
DA:340,9
DA:341,6
DA:346,6
DA:351,19
DA:353,38
DA:354,16
DA:356,38
DA:357,28
DA:359,38
DA:360,12
DA:362,38
DA:363,12
DA:365,38
DA:366,12
DA:368,38
DA:369,12
DA:371,38
DA:372,16
DA:374,19
DA:375,15
DA:377,38
DA:378,24
DA:380,19
DA:381,3
DA:383,19
DA:384,6
DA:386,38
DA:387,8
DA:389,23
DA:390,6
DA:396,3
DA:398,3
DA:399,3
DA:400,3
DA:401,1
DA:407,2
DA:409,8
DA:410,8
DA:411,2
DA:413,0
DA:418,9
DA:420,18
DA:421,10
DA:422,0
DA:425,27
DA:426,36
DA:427,36
DA:429,9
DA:433,3
DA:434,5
DA:437,19
DA:438,19
DA:439,19
DA:442,19
DA:443,57
DA:444,38
DA:446,7
LF:236
LH:227
end_of_record
SF:lib/src/core/serialization/excalidraw_json_codec.dart
DA:39,9
DA:40,12
DA:74,9
DA:75,27
DA:76,18
DA:77,9
DA:82,9
DA:83,27
DA:84,21
DA:88,9
DA:92,10
DA:93,10
DA:94,10
DA:95,1
DA:97,2
DA:99,10
DA:100,2
DA:102,4
DA:103,2
DA:104,8
DA:105,4
DA:106,2
DA:107,2
DA:108,2
DA:109,2
DA:110,2
DA:113,9
DA:114,3
DA:116,6
DA:117,6
DA:118,12
DA:119,9
DA:120,6
DA:121,6
DA:122,6
DA:123,6
DA:124,9
DA:126,9
DA:127,4
DA:129,32
DA:130,12
DA:131,12
DA:132,12
DA:133,12
DA:134,9
DA:136,8
DA:137,4
DA:139,32
DA:140,12
DA:141,12
DA:142,5
DA:144,7
DA:145,3
DA:147,24
DA:148,6
DA:149,6
DA:156,10
DA:157,10
DA:158,30
DA:159,20
DA:160,20
DA:161,20
DA:162,20
DA:163,20
DA:164,20
DA:165,20
DA:166,20
DA:167,30
DA:168,20
DA:169,30
DA:170,20
DA:171,40
DA:172,30
DA:173,20
DA:174,20
DA:175,20
DA:176,20
DA:177,20
DA:178,20
DA:179,10
DA:180,22
DA:181,20
DA:182,20
DA:183,20
DA:184,10
DA:188,10
DA:190,1
DA:191,2
DA:192,1
DA:196,2
DA:197,2
DA:198,10
DA:199,2
DA:202,4
DA:204,2
DA:205,2
DA:206,10
DA:215,9
DA:216,9
DA:221,9
DA:223,1
DA:224,2
DA:226,1
DA:227,3
DA:232,9
DA:233,0
DA:236,0
DA:237,0
DA:242,9
DA:243,9
DA:244,1
DA:247,1
DA:248,3
DA:253,9
DA:254,26
DA:255,8
DA:256,8
DA:257,0
DA:258,0
DA:263,8
DA:265,0
DA:266,0
DA:271,8
DA:272,2
DA:273,2
DA:275,2
DA:281,8
DA:283,8
DA:287,18
DA:290,9
DA:291,9
DA:292,9
DA:294,9
DA:295,9
DA:298,9
DA:299,9
DA:300,18
DA:302,9
DA:310,9
DA:314,9
DA:315,9
DA:316,11
DA:317,2
DA:318,2
DA:319,2
DA:320,2
DA:323,2
DA:324,2
DA:325,4
DA:326,2
DA:327,6
DA:329,2
DA:333,0
DA:335,0
DA:346,9
DA:347,9
DA:348,11
DA:350,12
DA:351,6
DA:352,4
DA:353,2
DA:355,4
DA:364,10
DA:371,10
DA:372,6
DA:373,9
DA:374,5
DA:375,8
DA:376,3
DA:377,8
DA:378,3
DA:379,8
DA:380,4
DA:381,7
DA:382,4
DA:383,6
DA:384,3
DA:385,4
DA:386,2
DA:387,2
DA:388,2
DA:390,0
DA:391,0
DA:393,0
DA:402,10
DA:403,20
DA:405,10
DA:407,20
DA:409,10
DA:410,20
DA:412,10
DA:413,30
DA:415,10
DA:416,20
DA:419,10
DA:420,20
DA:423,10
DA:424,10
DA:425,1
DA:426,2
DA:427,2
DA:429,1
DA:430,1
DA:431,1
DA:432,1
DA:433,1
DA:439,10
DA:440,10
DA:441,2
DA:443,2
DA:444,2
DA:445,4
DA:446,2
DA:447,2
DA:450,2
DA:453,10
DA:454,10
DA:455,10
DA:456,10
DA:459,5
DA:460,5
DA:461,5
DA:463,5
DA:464,15
DA:465,10
DA:466,10
DA:468,5
DA:471,3
DA:472,3
DA:473,3
DA:474,12
DA:477,3
DA:478,3
DA:479,3
DA:481,3
DA:488,3
DA:489,3
DA:490,3
DA:492,3
DA:499,3
DA:504,3
DA:506,6
DA:508,1
DA:509,1
DA:512,2
DA:519,5
DA:522,4
DA:523,2
DA:524,2
DA:525,2
DA:526,2
DA:527,2
DA:528,2
DA:529,1
DA:530,1
DA:531,1
DA:532,1
DA:533,1
DA:538,5
DA:545,4
DA:547,2
DA:549,2
DA:551,2
DA:553,2
DA:555,2
DA:557,2
DA:559,2
DA:561,2
DA:563,2
DA:565,2
DA:567,2
DA:570,2
DA:572,1
DA:578,4
DA:579,4
DA:580,2
DA:581,2
DA:583,2
DA:584,6
DA:585,10
DA:587,2
DA:592,6
DA:593,6
DA:594,6
DA:595,6
DA:596,6
DA:597,6
DA:598,6
DA:599,6
DA:600,6
DA:601,6
DA:602,6
DA:603,6
DA:604,6
DA:605,6
DA:606,6
DA:607,6
DA:608,6
DA:609,6
DA:610,6
DA:611,6
DA:612,6
DA:613,6
DA:614,6
DA:615,6
DA:616,6
DA:617,6
DA:618,6
DA:622,5
DA:623,5
DA:624,5
DA:625,5
DA:626,5
DA:627,5
DA:628,5
DA:629,5
DA:630,5
DA:631,5
DA:632,5
DA:633,5
DA:634,5
DA:635,5
DA:636,5
DA:637,5
DA:638,5
DA:639,5
DA:640,5
DA:641,5
DA:642,5
DA:643,5
DA:644,5
DA:645,5
DA:646,5
DA:647,5
DA:648,5
DA:652,3
DA:653,3
DA:654,3
DA:655,3
DA:656,3
DA:657,3
DA:658,3
DA:659,3
DA:660,3
DA:661,3
DA:662,3
DA:663,3
DA:664,3
DA:665,3
DA:666,3
DA:667,3
DA:668,3
DA:669,3
DA:670,3
DA:671,3
DA:672,3
DA:673,3
DA:674,3
DA:675,3
DA:676,3
DA:677,3
DA:678,3
DA:682,2
DA:683,2
DA:684,2
DA:685,2
DA:686,2
DA:687,2
DA:688,2
DA:689,2
DA:690,2
DA:691,2
DA:692,2
DA:693,2
DA:694,2
DA:695,2
DA:696,2
DA:697,2
DA:698,2
DA:699,2
DA:700,2
DA:701,2
DA:702,2
DA:703,2
DA:704,2
DA:705,2
DA:706,2
DA:707,2
DA:708,2
DA:709,2
DA:713,2
DA:714,2
DA:715,4
DA:716,4
DA:720,2
DA:721,2
DA:722,1
DA:723,2
DA:724,2
DA:725,2
DA:726,2
DA:730,2
DA:731,2
DA:732,2
DA:733,2
DA:734,2
DA:735,2
DA:736,2
DA:739,2
DA:740,2
DA:741,2
DA:742,2
DA:743,2
DA:744,2
DA:745,2
DA:746,2
DA:747,2
DA:748,2
DA:749,2
DA:750,2
DA:751,2
DA:752,2
DA:753,2
DA:754,2
DA:755,2
DA:756,2
DA:757,2
DA:758,2
DA:764,3
DA:769,3
DA:770,3
DA:771,3
DA:772,3
DA:773,3
DA:774,3
DA:775,3
DA:776,3
DA:777,3
DA:778,3
DA:779,3
DA:780,3
DA:781,3
DA:782,3
DA:783,3
DA:784,3
DA:785,3
DA:786,3
DA:787,3
DA:788,3
DA:789,3
DA:790,3
DA:791,3
DA:792,3
DA:793,3
DA:794,3
DA:795,3
DA:796,3
DA:797,3
DA:798,3
DA:799,3
DA:800,3
DA:801,3
DA:802,3
DA:806,4
DA:811,4
DA:812,4
DA:813,4
DA:814,4
DA:815,4
DA:816,4
DA:817,4
DA:819,8
DA:821,8
DA:822,4
DA:823,4
DA:824,4
DA:825,4
DA:826,4
DA:827,4
DA:828,4
DA:829,4
DA:830,4
DA:831,4
DA:832,4
DA:833,4
DA:834,4
DA:835,4
DA:836,4
DA:837,4
DA:838,4
DA:839,4
DA:840,4
DA:841,4
DA:842,4
DA:846,4
DA:852,4
DA:853,4
DA:865,4
DA:866,4
DA:867,4
DA:868,4
DA:869,4
DA:870,4
DA:871,4
DA:873,8
DA:875,8
DA:876,4
DA:877,4
DA:879,4
DA:880,4
DA:881,4
DA:882,4
DA:883,4
DA:884,4
DA:885,4
DA:886,4
DA:887,4
DA:888,4
DA:889,4
DA:890,4
DA:891,4
DA:892,4
DA:893,4
DA:894,4
DA:895,4
DA:896,4
DA:897,4
DA:898,4
DA:902,3
DA:903,3
DA:904,3
DA:905,3
DA:906,3
DA:907,3
DA:908,3
DA:909,3
DA:910,3
DA:911,3
DA:912,3
DA:913,3
DA:914,3
DA:915,3
DA:916,3
DA:917,3
DA:918,3
DA:919,3
DA:920,3
DA:921,3
DA:922,3
DA:923,3
DA:924,3
DA:925,3
DA:926,3
DA:927,3
DA:928,3
DA:929,3
DA:930,3
DA:931,3
LF:558
LH:546
end_of_record
SF:lib/src/core/serialization/excalidraw_lib_codec.dart
DA:16,3
DA:17,3
DA:21,3
DA:23,3
DA:24,1
DA:25,1
DA:30,3
DA:31,0
DA:35,0
DA:39,3
DA:40,3
DA:41,3
DA:45,1
DA:46,1
DA:47,1
DA:50,1
DA:56,2
DA:59,3
DA:64,3
DA:66,9
DA:67,3
DA:68,3
DA:69,0
DA:70,0
DA:75,3
DA:76,3
DA:77,3
DA:78,6
DA:80,3
DA:81,3
DA:82,3
DA:83,9
DA:84,3
DA:85,3
DA:86,3
DA:89,3
DA:90,3
DA:95,3
DA:96,3
DA:98,1
DA:99,1
DA:102,3
DA:105,0
DA:107,0
DA:108,0
DA:109,0
DA:114,6
DA:124,6
DA:127,1
DA:131,1
DA:133,3
DA:134,1
DA:135,1
DA:136,0
DA:137,0
DA:142,1
DA:143,3
DA:144,1
DA:145,1
DA:146,1
DA:149,1
DA:150,1
DA:153,2
DA:154,1
DA:162,2
DA:166,3
DA:167,9
DA:169,9
DA:170,3
DA:171,3
DA:172,3
DA:173,3
DA:174,3
DA:177,6
DA:178,3
DA:181,3
DA:183,3
DA:189,3
LF:78
LH:68
end_of_record
SF:lib/src/core/serialization/library_codec.dart
DA:15,2
DA:16,2
DA:18,4
DA:19,2
DA:22,2
DA:23,2
DA:25,6
DA:26,2
DA:27,4
DA:28,2
DA:29,4
DA:30,2
DA:31,4
DA:34,2
DA:35,2
DA:37,6
DA:38,4
DA:39,4
DA:40,6
DA:41,6
DA:44,4
DA:54,4
DA:58,2
DA:59,2
DA:61,8
DA:62,4
DA:65,2
DA:66,6
DA:67,6
DA:68,6
DA:69,6
DA:70,2
DA:71,2
DA:74,2
DA:75,6
DA:76,2
DA:78,4
DA:80,8
DA:81,1
DA:82,1
DA:86,2
DA:90,2
DA:91,2
DA:92,2
DA:95,4
DA:97,6
DA:98,2
DA:100,2
DA:101,10
DA:102,4
DA:103,2
DA:105,6
DA:108,2
DA:109,2
DA:111,2
DA:112,4
DA:113,6
DA:115,1
DA:116,5
DA:117,2
DA:120,0
DA:122,4
DA:127,0
DA:128,0
DA:132,4
DA:133,2
DA:135,4
DA:137,4
DA:141,0
DA:148,2
DA:149,2
DA:150,4
DA:151,2
DA:152,2
DA:153,4
DA:154,6
DA:155,2
DA:161,2
DA:162,8
DA:163,6
DA:172,2
LF:81
LH:77
end_of_record
SF:lib/src/editor/bindings/arrow_label_utils.dart
DA:10,0
DA:16,3
DA:17,3
DA:18,27
DA:19,3
DA:21,6
DA:22,9
DA:26,9
DA:27,15
DA:30,3
DA:32,6
DA:33,12
DA:34,6
DA:35,3
DA:36,6
DA:37,3
DA:38,33
DA:39,33
DA:42,0
DA:44,0
DA:49,2
DA:50,2
LF:22
LH:19
end_of_record
SF:lib/src/editor/bindings/bound_text_utils.dart
DA:10,0
DA:13,2
DA:14,4
DA:17,1
DA:18,1
DA:25,14
DA:29,14
DA:30,28
DA:31,28
DA:33,2
DA:34,2
DA:35,2
DA:36,2
DA:37,2
DA:39,4
LF:15
LH:14
end_of_record
SF:lib/src/editor/tool_result.dart
DA:17,30
DA:23,27
DA:29,12
DA:35,37
DA:41,6
DA:47,36
DA:53,16
DA:59,6
DA:66,3
DA:72,1
DA:87,35
DA:96,35
DA:126,14
DA:141,12
DA:144,12
DA:145,11
DA:146,11
DA:147,11
DA:148,10
DA:149,22
DA:150,9
DA:151,3
DA:152,2
DA:153,2
LF:24
LH:24
end_of_record
SF:lib/src/editor/clipboard_service.dart
DA:22,5
DA:24,0
DA:26,0
DA:29,0
DA:31,0
DA:32,0
DA:35,0
DA:37,0
DA:39,0
DA:40,0
DA:41,0
LF:11
LH:1
end_of_record
SF:lib/src/editor/editor_state.dart
DA:19,16
DA:30,13
DA:34,27
DA:35,14
DA:37,26
DA:38,14
DA:40,18
DA:41,6
DA:43,36
DA:46,16
DA:49,14
DA:50,1
DA:52,3
DA:53,14
DA:56,11
DA:57,2
DA:59,10
DA:60,2
DA:62,24
DA:63,16
DA:68,16
DA:76,16
DA:77,13
DA:78,16
DA:79,12
DA:80,15
DA:81,16
DA:82,16
LF:28
LH:28
end_of_record
SF:lib/src/editor/object_snap.dart
DA:17,6
DA:36,1
DA:44,1
DA:48,1
DA:49,1
DA:50,1
DA:52,2
DA:53,2
DA:55,2
DA:57,1
DA:58,1
DA:59,1
DA:60,1
DA:61,1
DA:64,2
DA:65,3
DA:66,2
DA:68,2
DA:69,3
DA:70,2
DA:72,1
DA:75,1
DA:86,1
DA:92,1
DA:93,1
DA:94,2
DA:95,1
DA:97,1
DA:98,1
DA:99,2
DA:100,1
DA:106,2
DA:107,2
DA:108,2
DA:109,3
DA:110,1
DA:119,2
DA:120,2
DA:121,2
DA:122,3
DA:123,1
DA:133,1
DA:137,1
DA:138,2
DA:139,2
DA:140,2
DA:141,2
DA:143,1
DA:144,1
DA:146,2
DA:147,1
DA:148,3
DA:149,2
DA:153,2
DA:162,1
DA:163,2
DA:164,2
DA:165,2
DA:166,2
DA:168,1
DA:169,1
DA:171,2
DA:172,1
DA:173,3
DA:174,2
DA:178,2
DA:186,1
DA:190,1
DA:192,4
DA:193,5
DA:194,4
DA:198,1
DA:200,4
DA:201,5
DA:202,4
LF:75
LH:75
end_of_record
SF:lib/src/editor/property_panel_state.dart
DA:66,6
DA:94,0
DA:98,0
DA:99,0
DA:100,0
DA:101,0
DA:102,0
DA:103,0
DA:104,0
DA:105,0
DA:106,0
DA:107,0
DA:108,0
DA:109,0
DA:110,0
DA:111,0
DA:112,0
DA:113,0
DA:114,0
DA:115,0
DA:116,0
DA:117,0
DA:118,0
DA:119,0
DA:120,0
DA:121,0
DA:122,0
DA:123,0
DA:135,1
DA:139,1
DA:143,1
DA:146,1
DA:147,1
DA:148,1
DA:149,1
DA:150,1
DA:151,1
DA:152,1
DA:154,1
DA:155,1
DA:156,2
DA:157,1
DA:160,3
DA:161,1
DA:162,2
DA:165,2
DA:168,2
DA:171,2
DA:174,2
DA:177,2
DA:180,2
DA:183,1
DA:184,1
DA:185,2
DA:188,2
DA:195,2
DA:196,1
DA:199,2
DA:200,2
DA:201,3
DA:209,2
DA:210,1
DA:216,1
DA:217,1
DA:219,1
DA:221,3
DA:222,1
DA:223,2
DA:227,2
DA:236,2
DA:239,1
DA:240,1
DA:241,2
DA:242,1
DA:243,1
DA:244,5
DA:246,1
DA:247,2
DA:248,1
DA:250,1
DA:254,1
DA:255,1
DA:258,1
DA:260,1
DA:261,1
DA:264,1
DA:266,1
DA:269,1
DA:278,2
DA:279,3
DA:281,3
DA:287,1
DA:288,2
DA:289,2
DA:290,2
DA:292,3
DA:293,1
DA:294,2
DA:297,2
DA:300,2
DA:310,1
DA:311,3
DA:312,1
DA:313,1
DA:314,3
DA:315,6
DA:318,1
DA:319,3
DA:320,3
DA:326,1
DA:360,4
DA:364,4
DA:366,8
DA:370,4
DA:371,2
DA:372,1
DA:373,1
DA:374,1
DA:375,2
DA:376,2
DA:377,2
DA:378,2
DA:379,2
DA:385,5
DA:387,1
DA:388,1
DA:390,2
DA:392,6
DA:393,5
DA:394,1
DA:395,10
DA:396,1
DA:398,2
DA:399,2
DA:400,2
DA:401,2
DA:402,2
DA:403,2
DA:404,2
DA:405,3
DA:406,3
DA:409,8
DA:411,1
DA:412,1
DA:413,2
DA:414,1
DA:415,2
DA:417,5
DA:419,1
DA:420,1
DA:423,0
DA:429,4
DA:430,1
DA:431,1
DA:433,1
DA:434,1
DA:438,4
DA:439,1
DA:440,1
DA:441,1
DA:442,1
DA:443,1
DA:444,1
DA:445,1
DA:446,1
DA:447,1
DA:452,4
DA:453,4
DA:454,4
DA:455,4
DA:456,4
DA:457,4
DA:458,4
DA:459,4
DA:460,4
DA:461,8
DA:462,4
DA:465,8
DA:468,12
DA:469,1
LF:180
LH:152
end_of_record
SF:lib/src/editor/tool_shortcuts.dart
DA:10,3
DA:12,6
DA:13,6
DA:14,6
DA:15,6
DA:16,6
DA:17,6
DA:18,6
DA:19,6
DA:20,3
DA:21,2
DA:22,4
DA:23,2
DA:30,2
DA:32,2
DA:33,2
DA:34,2
DA:35,2
DA:36,2
DA:37,2
DA:38,2
DA:39,2
DA:40,2
DA:41,2
DA:42,2
DA:43,2
LF:26
LH:26
end_of_record
SF:lib/src/editor/flowchart/flowchart_creator.dart
DA:17,2
DA:18,3
DA:25,1
DA:30,6
DA:32,2
DA:35,1
DA:36,1
DA:37,2
DA:39,1
DA:41,2
DA:42,1
DA:43,1
DA:45,2
DA:49,1
DA:58,1
DA:59,1
DA:62,2
DA:63,2
DA:67,1
DA:68,3
DA:69,1
DA:71,3
DA:74,1
DA:75,1
DA:80,1
DA:81,1
DA:82,1
DA:83,1
DA:84,2
DA:85,1
LF:30
LH:30
end_of_record
SF:lib/src/editor/flowchart/flowchart_navigator.dart
DA:16,2
DA:28,1
DA:34,3
DA:35,1
DA:38,1
DA:39,3
DA:42,5
DA:43,6
DA:44,3
DA:45,3
DA:46,1
DA:49,1
DA:53,1
DA:54,1
DA:55,1
DA:56,1
DA:57,1
DA:58,3
DA:59,1
DA:63,2
DA:64,1
DA:65,1
DA:67,5
DA:68,1
DA:69,1
DA:70,3
DA:71,2
DA:72,1
DA:80,1
DA:81,1
DA:82,1
DA:83,2
DA:84,1
DA:85,2
LF:34
LH:34
end_of_record
SF:lib/src/editor/flowchart/flowchart_utils.dart
DA:20,0
DA:23,2
DA:24,4
DA:30,3
DA:35,6
DA:36,3
DA:37,3
DA:39,5
DA:41,10
DA:42,4
DA:43,4
DA:45,2
DA:47,8
DA:48,2
DA:49,2
DA:55,10
DA:56,2
DA:57,2
DA:58,1
DA:60,4
DA:61,1
DA:62,1
DA:76,2
DA:81,2
DA:82,2
DA:85,1
DA:86,1
DA:87,1
DA:88,1
DA:89,1
DA:91,2
DA:92,5
DA:93,1
DA:100,2
DA:102,2
DA:103,0
DA:105,3
DA:107,3
DA:108,2
DA:110,4
DA:111,0
DA:113,1
DA:114,1
DA:115,1
DA:116,1
DA:117,1
DA:119,2
DA:120,5
DA:121,1
DA:131,2
DA:136,2
DA:137,2
DA:138,2
DA:139,2
DA:140,2
DA:146,2
DA:153,4
DA:154,2
DA:158,4
DA:159,2
DA:162,2
DA:163,4
DA:164,8
DA:166,8
DA:167,4
DA:169,2
DA:170,2
DA:171,4
DA:177,3
DA:182,3
DA:185,3
DA:186,6
DA:189,3
DA:190,15
DA:191,15
DA:193,3
DA:194,15
DA:195,15
DA:199,3
DA:200,3
DA:201,3
DA:209,6
DA:210,6
DA:211,6
DA:212,6
DA:213,6
DA:214,6
DA:215,6
DA:216,6
DA:217,6
DA:221,24
DA:223,3
DA:227,3
DA:228,3
DA:232,3
DA:233,6
DA:236,3
DA:237,6
DA:247,2
DA:249,2
DA:250,2
DA:251,8
DA:252,2
DA:254,2
DA:255,1
DA:256,4
DA:257,1
DA:259,2
DA:260,2
DA:261,2
DA:262,8
DA:264,1
DA:265,1
DA:266,1
DA:267,4
DA:273,2
DA:274,2
DA:275,2
DA:276,2
DA:277,2
DA:279,2
DA:284,3
DA:286,3
DA:288,3
DA:290,3
DA:292,3
DA:297,3
DA:299,3
DA:301,3
DA:303,3
DA:305,3
DA:310,3
DA:312,3
DA:314,3
DA:316,3
DA:318,3
LF:136
LH:133
end_of_record
SF:lib/src/editor/grid_snap.dart
DA:5,14
DA:7,2
DA:8,2
DA:9,8
DA:10,8
DA:16,2
DA:18,2
DA:19,6
LF:8
LH:8
end_of_record
SF:lib/src/rendering/interactive/snap_line.dart
DA:15,1
DA:22,1
DA:25,1
DA:26,3
DA:27,3
DA:28,0
DA:29,0
DA:31,1
DA:32,5
DA:34,0
DA:36,0
LF:11
LH:7
end_of_record
SF:lib/src/editor/tools/arrow_tool.dart
DA:29,6
DA:31,2
DA:34,5
DA:36,10
DA:38,10
DA:42,4
DA:43,4
DA:44,8
DA:47,4
DA:48,4
DA:50,8
DA:51,4
DA:54,10
DA:55,5
DA:56,5
DA:61,3
DA:64,6
DA:65,3
DA:66,9
DA:72,5
DA:75,5
DA:76,5
DA:77,5
DA:78,5
DA:79,15
DA:80,15
DA:81,20
DA:82,5
DA:84,4
DA:88,2
DA:89,2
DA:90,4
DA:93,2
DA:94,2
DA:96,4
DA:97,2
DA:100,4
DA:101,2
DA:102,2
DA:103,2
DA:106,4
DA:107,4
DA:112,8
DA:116,2
DA:117,2
DA:118,4
DA:121,2
DA:122,2
DA:124,8
DA:125,4
DA:128,8
DA:129,4
DA:130,4
DA:133,11
DA:134,1
DA:137,9
DA:138,3
DA:143,3
DA:146,15
DA:147,3
DA:149,2
DA:150,2
DA:156,5
DA:157,10
DA:158,5
DA:159,10
DA:160,5
DA:161,10
DA:162,5
DA:166,5
DA:168,10
DA:170,1
DA:171,3
DA:173,1
DA:174,3
DA:176,1
DA:177,1
DA:178,1
DA:186,20
DA:187,20
DA:188,20
DA:189,20
DA:192,40
DA:194,5
DA:195,5
DA:198,5
DA:199,5
DA:202,5
DA:203,5
DA:204,5
DA:208,3
DA:210,6
DA:211,6
DA:212,3
DA:213,6
DA:218,8
DA:219,1
DA:220,0
DA:224,1
DA:225,0
DA:226,0
DA:227,0
DA:229,1
DA:230,1
DA:231,1
DA:241,3
DA:242,1
DA:243,2
DA:244,2
DA:245,2
DA:246,2
DA:248,2
DA:250,3
DA:257,5
DA:259,10
DA:260,5
DA:261,5
DA:262,5
DA:263,5
DA:264,5
DA:265,5
LF:121
LH:117
end_of_record
SF:lib/src/editor/tools/diamond_tool.dart
DA:18,2
DA:21,2
DA:23,6
DA:24,4
DA:28,1
DA:31,1
DA:32,3
DA:36,2
DA:38,2
DA:41,4
DA:42,2
DA:43,4
DA:44,1
DA:48,6
DA:49,6
DA:50,8
DA:51,8
DA:53,2
DA:54,2
DA:61,2
DA:62,4
DA:63,2
DA:64,4
DA:65,2
DA:69,0
DA:71,0
DA:75,1
DA:77,1
DA:78,1
DA:80,3
DA:81,3
DA:82,4
DA:83,4
DA:84,2
DA:87,2
DA:89,2
DA:90,2
LF:37
LH:35
end_of_record
SF:lib/src/editor/tools/ellipse_tool.dart
DA:18,2
DA:21,2
DA:23,6
DA:24,4
DA:28,1
DA:31,1
DA:32,3
DA:36,2
DA:38,2
DA:41,4
DA:42,2
DA:43,4
DA:44,1
DA:48,6
DA:49,6
DA:50,8
DA:51,8
DA:53,2
DA:54,2
DA:61,2
DA:62,4
DA:63,2
DA:64,4
DA:65,2
DA:69,0
DA:71,0
DA:75,1
DA:77,1
DA:78,1
DA:80,3
DA:81,3
DA:82,4
DA:83,4
DA:84,2
DA:87,2
DA:89,2
DA:90,2
LF:37
LH:35
end_of_record
SF:lib/src/editor/tools/eraser_tool.dart
DA:23,2
DA:26,1
DA:28,1
DA:29,2
DA:30,1
DA:34,1
DA:37,1
DA:38,1
DA:42,1
DA:44,1
DA:45,1
DA:46,2
DA:47,1
DA:48,2
DA:49,1
DA:50,1
DA:53,1
DA:56,1
DA:57,1
DA:63,1
DA:65,3
DA:66,3
DA:69,1
DA:71,1
DA:72,2
DA:76,1
DA:77,2
DA:78,1
DA:81,1
DA:83,2
DA:84,2
DA:85,4
DA:88,3
DA:93,1
DA:96,1
DA:97,2
DA:98,2
DA:99,1
DA:102,1
DA:103,3
DA:104,1
DA:106,4
DA:109,2
DA:111,3
DA:112,2
DA:113,3
DA:114,2
DA:118,1
DA:119,0
DA:120,0
DA:121,0
DA:123,0
DA:124,0
DA:125,0
DA:127,0
DA:134,2
DA:135,1
DA:137,3
DA:138,2
DA:139,2
DA:140,2
DA:147,2
DA:148,1
DA:149,0
DA:150,0
DA:151,0
DA:152,0
DA:153,0
DA:154,0
DA:156,0
DA:157,0
DA:164,2
DA:165,3
DA:166,2
DA:167,2
DA:168,2
DA:169,2
DA:171,1
DA:173,4
DA:174,1
DA:176,1
DA:178,0
DA:179,0
DA:182,2
DA:187,1
LF:85
LH:68
end_of_record
SF:lib/src/editor/tools/frame_tool.dart
DA:23,2
DA:26,3
DA:28,9
DA:29,6
DA:31,9
DA:32,6
DA:33,3
DA:37,2
DA:40,2
DA:41,6
DA:45,3
DA:47,3
DA:49,6
DA:50,3
DA:52,6
DA:53,1
DA:57,9
DA:58,9
DA:59,12
DA:60,12
DA:62,3
DA:63,3
DA:68,9
DA:72,3
DA:73,7
DA:74,1
DA:75,1
DA:76,1
DA:77,1
DA:78,4
DA:83,3
DA:84,6
DA:85,3
DA:86,3
DA:87,6
DA:88,3
DA:92,1
DA:95,2
DA:99,1
DA:101,1
DA:102,1
DA:104,3
DA:105,3
DA:106,4
DA:107,4
DA:108,2
DA:111,3
DA:113,3
DA:114,3
LF:49
LH:49
end_of_record
SF:lib/src/editor/tools/freedraw_tool.dart
DA:15,2
DA:18,1
DA:20,1
DA:21,2
DA:25,1
DA:28,1
DA:29,2
DA:33,1
DA:35,3
DA:36,0
DA:40,5
DA:41,5
DA:42,5
DA:43,5
DA:46,9
DA:48,1
DA:49,1
DA:52,1
DA:53,1
DA:58,1
DA:59,2
DA:60,1
DA:61,2
DA:62,1
DA:66,0
DA:68,0
DA:72,1
DA:74,2
DA:75,3
DA:78,1
DA:80,2
DA:81,1
LF:32
LH:29
end_of_record
SF:lib/src/editor/tools/hand_tool.dart
DA:13,2
DA:16,2
DA:18,2
DA:22,2
DA:25,2
DA:26,4
DA:27,2
DA:30,0
DA:32,0
DA:36,0
DA:41,1
DA:44,2
DA:46,2
LF:13
LH:10
end_of_record
SF:lib/src/editor/tools/laser_tool.dart
DA:13,1
DA:27,2
DA:31,3
DA:35,1
DA:36,2
DA:37,1
DA:38,2
DA:39,5
DA:40,3
DA:43,1
DA:45,1
DA:46,2
DA:47,5
DA:51,1
DA:54,1
DA:55,5
DA:59,1
DA:61,1
DA:66,1
DA:72,1
DA:75,1
DA:77,1
DA:78,2
LF:23
LH:23
end_of_record
SF:lib/src/editor/tools/line_tool.dart
DA:25,2
DA:28,2
DA:30,4
DA:31,8
DA:32,2
DA:33,2
DA:38,1
DA:41,2
DA:43,3
DA:44,2
DA:45,3
DA:46,3
DA:47,4
DA:48,1
DA:49,1
DA:50,1
DA:54,1
DA:55,1
DA:61,2
DA:64,2
DA:65,2
DA:66,2
DA:67,2
DA:68,6
DA:69,6
DA:70,8
DA:71,2
DA:72,8
DA:73,2
DA:74,2
DA:77,1
DA:82,4
DA:83,4
DA:84,1
DA:85,1
DA:88,4
DA:89,1
DA:91,3
DA:92,1
DA:97,1
DA:99,5
DA:100,1
DA:102,1
DA:103,1
DA:109,2
DA:110,4
DA:111,2
DA:112,4
DA:113,2
DA:114,4
DA:115,2
DA:119,1
DA:120,2
DA:121,1
DA:122,2
DA:123,1
DA:124,2
DA:125,1
DA:130,2
DA:131,2
DA:132,1
DA:135,2
DA:136,8
DA:137,8
DA:138,8
DA:139,8
DA:143,16
DA:145,2
DA:146,2
DA:149,2
DA:150,2
DA:155,1
DA:157,2
DA:158,2
DA:159,1
DA:160,2
DA:162,1
DA:164,4
DA:168,2
DA:170,4
DA:171,2
DA:172,2
DA:173,2
DA:174,2
LF:84
LH:84
end_of_record
SF:lib/src/editor/tools/rectangle_tool.dart
DA:19,2
DA:22,3
DA:24,9
DA:25,6
DA:29,2
DA:32,2
DA:33,6
DA:37,3
DA:39,3
DA:42,6
DA:43,3
DA:44,3
DA:45,3
DA:46,1
DA:50,9
DA:51,9
DA:52,12
DA:53,12
DA:55,3
DA:56,3
DA:63,3
DA:64,6
DA:65,3
DA:66,6
DA:67,3
DA:71,0
DA:73,0
DA:74,0
DA:79,1
DA:81,1
DA:82,1
DA:84,3
DA:85,3
DA:86,4
DA:87,4
DA:88,2
DA:91,4
DA:93,4
DA:94,4
LF:39
LH:36
end_of_record
SF:lib/src/editor/tools/select_tool.dart
DA:23,15
DA:24,15
DA:75,2
DA:80,0
DA:81,0
DA:82,0
DA:83,0
DA:86,15
DA:89,15
DA:90,15
DA:91,15
DA:92,15
DA:93,15
DA:95,15
DA:98,15
DA:99,45
DA:104,30
DA:105,14
DA:106,14
DA:107,23
DA:112,12
DA:115,6
DA:116,6
DA:117,6
DA:118,36
DA:119,6
DA:120,18
DA:126,14
DA:127,3
DA:128,2
DA:130,4
DA:132,2
DA:133,2
DA:134,2
DA:135,4
DA:136,8
DA:137,6
DA:143,12
DA:144,2
DA:148,2
DA:149,3
DA:150,9
DA:151,4
DA:152,1
DA:154,1
DA:155,2
DA:156,1
DA:157,2
DA:158,4
DA:159,3
DA:160,1
DA:165,13
DA:167,26
DA:169,3
DA:170,3
DA:172,3
DA:174,3
DA:175,11
DA:176,3
DA:182,39
DA:186,15
DA:189,15
DA:192,15
DA:193,15
DA:196,30
DA:197,15
DA:200,30
DA:201,13
DA:202,5
DA:203,26
DA:205,1
DA:206,1
DA:208,12
DA:209,12
DA:214,15
DA:217,15
DA:218,18
DA:219,18
DA:220,21
DA:221,17
DA:222,25
DA:223,5
DA:224,0
DA:228,14
DA:230,14
DA:233,14
DA:238,42
DA:239,2
DA:241,39
DA:242,1
DA:244,39
DA:245,4
DA:247,36
DA:248,1
DA:250,33
DA:251,9
DA:255,12
DA:256,4
DA:260,5
DA:262,5
DA:266,2
DA:268,14
DA:272,5
DA:274,5
DA:276,5
DA:277,5
DA:280,5
DA:282,6
DA:285,2
DA:286,4
DA:287,3
DA:289,0
DA:291,1
DA:294,6
DA:295,4
DA:297,4
DA:300,3
DA:304,2
DA:305,5
DA:307,10
DA:310,12
DA:311,12
DA:313,12
DA:316,36
DA:317,36
DA:320,13
DA:321,6
DA:322,0
DA:323,4
DA:324,4
DA:325,2
DA:326,2
DA:330,12
DA:332,0
DA:333,0
DA:334,0
DA:335,0
DA:336,0
DA:337,0
DA:339,0
DA:340,0
DA:341,0
DA:342,0
DA:343,0
DA:344,0
DA:347,0
DA:348,0
DA:349,0
DA:350,0
DA:351,0
DA:353,12
DA:356,12
DA:357,36
DA:360,22
DA:361,3
DA:362,3
DA:363,9
DA:364,15
DA:365,6
DA:366,3
DA:368,6
DA:369,6
DA:370,6
DA:371,6
DA:372,6
DA:373,3
DA:374,6
DA:375,6
DA:376,3
DA:380,72
DA:381,0
DA:382,60
DA:385,10
DA:386,30
DA:387,10
DA:388,20
DA:389,10
DA:390,30
DA:391,10
DA:392,30
DA:393,20
DA:394,18
DA:395,9
DA:397,8
DA:398,4
DA:399,4
DA:400,4
DA:401,4
DA:402,4
DA:407,3
DA:410,2
DA:411,4
DA:412,1
DA:413,2
DA:414,1
DA:415,2
DA:416,5
DA:417,2
DA:418,1
DA:420,1
DA:421,2
DA:422,1
DA:423,2
DA:424,1
DA:428,3
DA:429,9
DA:430,3
DA:431,6
DA:432,3
DA:433,9
DA:434,3
DA:435,9
DA:436,6
DA:437,6
DA:438,3
DA:439,3
DA:440,3
DA:441,3
DA:442,3
DA:446,4
DA:447,12
DA:448,12
DA:449,12
DA:450,12
DA:451,12
DA:454,12
DA:456,5
DA:457,20
DA:458,8
DA:459,4
DA:460,12
DA:461,8
DA:467,8
DA:468,8
DA:470,5
DA:471,1
DA:475,4
DA:476,5
DA:477,2
DA:479,4
DA:485,6
DA:487,6
DA:489,6
DA:490,24
DA:491,24
DA:493,12
DA:494,6
DA:495,23
DA:496,6
DA:497,30
DA:498,30
DA:500,12
DA:512,1
DA:514,1
DA:515,1
DA:516,3
DA:518,1
DA:519,4
DA:520,4
DA:522,2
DA:523,1
DA:525,4
DA:526,1
DA:527,5
DA:528,5
DA:530,1
DA:531,6
DA:532,6
DA:534,9
DA:535,2
DA:543,13
DA:545,13
DA:546,13
DA:549,13
DA:551,26
DA:552,13
DA:555,13
DA:556,26
DA:557,39
DA:558,3
DA:565,15
DA:566,15
DA:567,2
DA:568,2
DA:569,3
DA:570,3
DA:571,1
DA:572,5
DA:573,5
DA:578,1
DA:579,1
DA:580,1
DA:581,1
DA:582,3
DA:583,3
DA:584,1
DA:585,5
DA:586,5
DA:592,3
DA:593,3
DA:594,6
DA:600,3
DA:601,6
DA:602,3
DA:603,3
DA:604,9
DA:605,9
DA:606,3
DA:608,3
DA:609,3
DA:610,3
DA:611,3
DA:613,3
DA:614,3
DA:615,1
DA:616,1
DA:617,3
DA:618,1
DA:619,3
DA:620,1
DA:621,1
DA:622,3
DA:623,1
DA:624,3
DA:625,1
DA:626,3
DA:627,1
DA:628,1
DA:629,3
DA:630,1
DA:631,3
DA:632,3
DA:633,3
DA:634,0
DA:639,3
DA:640,0
DA:641,0
DA:642,0
DA:643,0
DA:644,0
DA:645,0
DA:646,0
DA:647,0
DA:648,0
DA:649,0
DA:650,0
DA:651,0
DA:652,0
DA:653,0
DA:654,0
DA:655,0
DA:656,0
DA:657,0
DA:658,0
DA:659,0
DA:660,0
DA:661,0
DA:667,3
DA:668,0
DA:669,0
DA:672,0
DA:673,0
DA:674,0
DA:675,0
DA:676,0
DA:677,0
DA:678,0
DA:679,0
DA:680,0
DA:681,0
DA:686,0
DA:689,0
DA:690,0
DA:691,0
DA:697,0
DA:698,0
DA:699,0
DA:700,0
DA:701,0
DA:702,0
DA:703,0
DA:704,0
DA:705,0
DA:706,0
DA:711,0
DA:712,0
DA:713,0
DA:714,0
DA:715,0
DA:716,0
DA:719,0
DA:729,0
DA:730,0
DA:731,0
DA:732,0
DA:733,0
DA:734,0
DA:735,0
DA:736,0
DA:737,0
DA:738,0
DA:743,0
DA:746,0
DA:747,0
DA:748,0
DA:754,0
DA:755,0
DA:756,0
DA:757,0
DA:758,0
DA:759,0
DA:760,0
DA:761,0
DA:762,0
DA:763,0
DA:768,0
DA:769,0
DA:770,0
DA:771,0
DA:772,0
DA:773,0
DA:776,0
DA:785,0
DA:789,6
DA:790,0
DA:791,0
DA:792,0
DA:793,0
DA:795,0
DA:798,6
DA:799,0
DA:800,0
DA:801,0
DA:802,0
DA:804,0
DA:810,6
DA:811,3
DA:812,9
DA:813,6
DA:814,3
DA:816,0
DA:817,0
DA:818,0
DA:819,0
DA:820,0
DA:821,0
DA:822,0
DA:823,0
DA:825,0
DA:826,0
DA:827,0
DA:828,0
DA:829,0
DA:831,0
DA:835,0
DA:836,0
DA:837,0
DA:838,0
DA:839,0
DA:841,0
DA:847,3
DA:848,3
DA:851,3
DA:852,1
DA:853,1
DA:859,3
DA:860,3
DA:861,3
DA:862,2
DA:863,1
DA:864,1
DA:867,2
DA:868,2
DA:870,3
DA:871,3
DA:872,4
DA:873,4
DA:876,2
DA:877,2
DA:879,4
DA:880,4
DA:882,3
DA:883,3
DA:886,3
DA:889,12
DA:890,1
DA:894,2
DA:897,12
DA:898,0
DA:902,4
DA:903,5
DA:904,5
DA:905,2
DA:906,2
DA:908,1
DA:909,1
DA:910,7
DA:911,1
DA:912,2
DA:917,1
DA:918,7
DA:919,1
DA:920,2
DA:925,2
DA:933,2
DA:934,6
DA:935,2
DA:936,4
DA:937,4
DA:938,2
DA:940,0
DA:941,0
DA:942,0
DA:943,0
DA:949,1
DA:951,1
DA:952,1
DA:953,1
DA:954,1
DA:955,1
DA:956,1
DA:957,1
DA:958,3
DA:959,0
DA:963,1
DA:964,1
DA:965,3
DA:966,5
DA:968,3
DA:969,5
DA:972,1
DA:973,1
DA:974,3
DA:975,6
DA:976,6
DA:977,2
DA:978,2
DA:980,1
DA:981,0
DA:982,0
DA:983,0
DA:984,0
DA:985,0
DA:986,0
DA:989,1
DA:990,0
DA:991,0
DA:992,0
DA:993,0
DA:994,0
DA:995,0
DA:999,1
DA:1006,2
DA:1007,1
DA:1009,2
DA:1010,2
DA:1011,2
DA:1012,1
DA:1013,1
DA:1018,3
DA:1019,3
DA:1020,3
DA:1022,6
DA:1023,21
DA:1024,3
DA:1025,18
DA:1027,3
DA:1030,3
DA:1032,6
DA:1036,12
DA:1037,1
DA:1041,2
DA:1044,12
DA:1045,0
DA:1047,6
DA:1048,2
DA:1049,6
DA:1050,2
DA:1051,4
DA:1052,4
DA:1053,2
DA:1055,0
DA:1056,0
DA:1057,0
DA:1058,0
DA:1062,1
DA:1063,2
DA:1064,1
DA:1065,1
DA:1067,3
DA:1068,1
DA:1069,4
DA:1070,4
DA:1072,1
DA:1073,5
DA:1074,5
DA:1076,1
DA:1079,2
DA:1081,2
DA:1082,1
DA:1084,2
DA:1085,2
DA:1086,2
DA:1087,1
DA:1088,1
DA:1093,6
DA:1094,6
DA:1095,18
DA:1100,18
DA:1101,18
DA:1102,12
DA:1103,6
DA:1104,2
DA:1105,2
DA:1106,3
DA:1107,3
DA:1112,6
DA:1113,12
DA:1114,6
DA:1115,42
DA:1117,6
DA:1118,6
DA:1120,6
DA:1123,6
DA:1124,10
DA:1125,20
DA:1129,5
DA:1130,25
DA:1131,25
DA:1133,10
DA:1134,5
DA:1138,2
DA:1139,2
DA:1140,4
DA:1146,2
DA:1147,2
DA:1148,6
DA:1149,6
DA:1151,2
DA:1152,4
DA:1155,2
DA:1158,2
DA:1162,2
DA:1168,5
DA:1169,0
DA:1170,0
DA:1171,0
DA:1172,0
DA:1174,0
DA:1175,0
DA:1176,0
DA:1180,3
DA:1181,2
DA:1185,3
DA:1186,0
DA:1192,1
DA:1197,12
DA:1198,2
DA:1199,4
DA:1200,8
DA:1202,4
DA:1203,1
DA:1204,6
DA:1205,6
DA:1207,1
DA:1208,6
DA:1209,6
DA:1211,2
DA:1212,1
DA:1214,1
DA:1215,2
DA:1216,2
DA:1217,1
DA:1219,1
DA:1220,1
DA:1222,1
DA:1225,2
DA:1228,5
DA:1231,6
DA:1238,2
DA:1240,2
DA:1241,4
DA:1244,2
DA:1245,8
DA:1246,8
DA:1248,4
DA:1250,2
DA:1251,8
DA:1252,18
DA:1253,22
DA:1254,2
DA:1255,2
DA:1263,2
DA:1264,6
DA:1265,6
DA:1266,6
DA:1267,2
DA:1268,20
DA:1269,2
DA:1270,14
DA:1271,2
DA:1274,2
DA:1275,2
DA:1277,4
DA:1278,2
DA:1279,2
DA:1283,2
DA:1284,2
DA:1285,2
DA:1288,6
DA:1289,6
DA:1290,2
DA:1291,2
DA:1292,0
DA:1293,0
DA:1294,0
DA:1295,0
DA:1300,2
DA:1301,2
DA:1302,4
DA:1305,10
DA:1309,12
DA:1310,14
DA:1314,2
DA:1315,4
DA:1316,12
DA:1318,6
DA:1319,2
DA:1320,6
DA:1324,2
DA:1325,2
DA:1326,6
DA:1328,6
DA:1329,4
DA:1330,12
DA:1334,4
DA:1341,6
DA:1342,12
DA:1343,12
DA:1344,12
DA:1345,12
DA:1346,12
DA:1347,12
DA:1348,12
DA:1349,12
DA:1350,12
DA:1353,48
DA:1355,6
DA:1356,6
DA:1363,12
DA:1364,2
DA:1365,2
DA:1366,2
DA:1367,2
DA:1368,9
DA:1369,9
DA:1372,12
DA:1373,12
DA:1374,12
DA:1382,14
DA:1385,14
DA:1386,2
DA:1387,2
DA:1392,13
DA:1395,26
DA:1396,8
DA:1398,32
DA:1399,8
DA:1400,8
DA:1401,24
DA:1402,8
DA:1405,32
DA:1408,16
DA:1410,24
DA:1411,2
DA:1412,3
DA:1413,2
DA:1417,9
DA:1418,2
DA:1419,1
DA:1420,2
DA:1422,1
DA:1423,6
DA:1424,1
DA:1425,2
DA:1426,1
DA:1433,16
DA:1434,8
DA:1436,3
DA:1437,2
DA:1438,2
DA:1439,2
DA:1446,16
DA:1447,8
DA:1448,1
DA:1450,3
DA:1451,2
DA:1452,2
DA:1453,2
DA:1455,3
DA:1456,2
DA:1463,16
DA:1464,24
DA:1465,10
DA:1466,4
DA:1467,4
DA:1468,4
DA:1470,2
DA:1471,2
DA:1472,6
DA:1473,2
DA:1475,2
DA:1476,1
DA:1477,3
DA:1478,1
DA:1481,4
DA:1485,8
DA:1489,18
DA:1490,7
DA:1491,7
DA:1495,14
DA:1496,2
DA:1497,2
DA:1498,1
DA:1499,1
DA:1500,2
DA:1502,1
DA:1506,7
DA:1507,1
DA:1510,5
DA:1511,1
DA:1512,1
DA:1513,1
DA:1514,2
DA:1516,1
DA:1520,5
DA:1521,1
DA:1522,3
DA:1523,1
DA:1524,1
DA:1525,2
DA:1527,1
DA:1531,15
DA:1532,8
DA:1533,13
DA:1534,12
DA:1535,4
DA:1536,4
DA:1540,14
DA:1541,3
DA:1542,6
DA:1546,11
DA:1547,8
DA:1548,8
DA:1552,6
DA:1553,2
DA:1555,8
DA:1556,2
DA:1557,2
DA:1558,4
DA:1559,6
DA:1560,2
DA:1562,2
DA:1566,2
DA:1567,1
DA:1568,3
DA:1569,4
DA:1571,2
DA:1572,2
DA:1573,1
DA:1574,2
DA:1575,2
DA:1580,2
DA:1581,1
DA:1582,3
DA:1583,4
DA:1585,2
DA:1586,2
DA:1587,1
DA:1588,2
DA:1589,2
DA:1594,4
DA:1595,1
DA:1596,3
DA:1597,1
DA:1598,1
DA:1599,2
DA:1600,2
DA:1605,4
DA:1606,1
DA:1607,3
DA:1608,1
DA:1609,1
DA:1610,2
DA:1611,2
DA:1616,7
DA:1617,1
DA:1618,3
DA:1619,1
DA:1620,2
DA:1621,1
DA:1623,2
DA:1626,1
DA:1627,3
DA:1632,2
DA:1633,2
DA:1634,2
DA:1635,3
DA:1637,2
DA:1638,2
DA:1639,2
DA:1640,2
DA:1641,0
DA:1643,1
DA:1644,2
DA:1645,2
DA:1651,12
DA:1652,2
DA:1653,6
DA:1654,18
DA:1655,11
DA:1656,11
DA:1657,5
DA:1663,7
DA:1665,7
DA:1668,7
DA:1670,7
DA:1671,14
DA:1672,8
DA:1673,4
DA:1677,14
DA:1678,28
DA:1680,14
DA:1681,21
DA:1682,7
DA:1684,23
DA:1686,7
DA:1687,9
DA:1688,3
DA:1690,21
DA:1692,14
DA:1693,14
DA:1700,14
DA:1701,21
DA:1703,1
DA:1704,3
DA:1705,2
DA:1706,3
DA:1708,2
DA:1709,2
DA:1713,1
DA:1714,2
DA:1715,3
DA:1717,1
DA:1718,2
DA:1719,2
DA:1721,3
DA:1722,2
DA:1727,14
DA:1728,7
DA:1731,4
DA:1733,4
DA:1735,4
DA:1737,4
DA:1738,8
DA:1739,5
DA:1740,4
DA:1744,8
DA:1745,16
DA:1747,8
DA:1748,12
DA:1749,4
DA:1751,14
DA:1753,4
DA:1754,6
DA:1755,3
DA:1757,12
DA:1759,8
DA:1760,8
DA:1767,8
DA:1768,12
DA:1770,0
DA:1771,0
DA:1772,0
DA:1773,0
DA:1775,0
DA:1776,0
DA:1782,8
DA:1783,4
DA:1786,5
DA:1788,5
DA:1789,5
DA:1790,10
DA:1791,25
DA:1792,10
DA:1793,5
DA:1795,10
DA:1796,10
DA:1797,10
DA:1798,10
DA:1799,10
DA:1800,5
DA:1801,11
DA:1802,5
DA:1805,4
DA:1808,10
DA:1811,2
DA:1812,1
DA:1813,2
DA:1814,2
DA:1815,2
DA:1816,2
DA:1818,2
DA:1820,1
DA:1821,2
DA:1824,2
DA:1830,3
DA:1831,8
DA:1832,0
DA:1833,0
DA:1834,0
DA:1837,0
DA:1840,8
DA:1841,2
DA:1842,2
DA:1844,6
DA:1845,6
DA:1846,8
DA:1847,8
DA:1848,4
DA:1851,18
DA:1853,18
DA:1854,18
DA:1855,18
DA:1856,18
DA:1857,18
DA:1858,18
DA:1859,18
DA:1860,18
DA:1861,18
DA:1862,18
DA:1863,18
DA:1864,18
DA:1865,18
DA:1866,18
DA:1867,18
DA:1868,18
DA:1869,18
DA:1870,18
DA:1875,19
DA:1876,38
DA:1877,95
DA:1878,19
DA:1881,3
DA:1883,6
DA:1884,6
DA:1885,2
DA:1886,12
DA:1887,4
DA:1888,2
DA:1889,3
DA:1893,1
DA:1894,4
DA:1895,4
DA:1897,3
DA:1898,1
DA:1899,1
DA:1900,5
DA:1903,1
DA:1904,1
DA:1905,1
DA:1909,3
DA:1910,0
DA:1911,0
DA:1915,12
DA:1916,12
DA:1918,36
DA:1919,33
DA:1920,6
DA:1923,3
DA:1925,1
DA:1926,2
DA:1928,6
DA:1931,20
DA:1935,12
DA:1937,0
DA:1938,0
DA:1939,0
DA:1942,0
DA:1943,0
DA:1949,13
DA:1956,26
DA:1957,13
DA:1962,13
DA:1964,26
DA:1965,26
DA:1966,15
DA:1967,4
DA:1968,4
DA:1969,4
DA:1971,2
DA:1973,4
DA:1985,12
DA:1992,24
DA:1993,12
DA:1996,12
DA:1999,24
DA:2001,12
DA:2002,24
DA:2003,24
DA:2006,24
DA:2007,12
DA:2011,4
DA:2012,2
DA:2013,3
DA:2018,12
DA:2019,2
DA:2020,1
DA:2029,13
DA:2034,13
DA:2037,26
DA:2038,13
DA:2041,2
DA:2043,3
DA:2044,3
DA:2045,1
DA:2047,2
DA:2048,2
DA:2049,2
DA:2050,2
DA:2051,2
DA:2052,2
DA:2053,5
DA:2061,0
DA:2063,0
DA:2064,0
DA:2065,0
DA:2069,0
DA:2071,0
DA:2072,0
DA:2073,0
LF:1141
LH:937
end_of_record
SF:lib/src/editor/tools/text_tool.dart
DA:24,2
DA:27,2
DA:29,6
DA:30,4
DA:34,0
DA:37,0
DA:38,0
DA:42,2
DA:44,2
DA:47,4
DA:48,2
DA:49,2
DA:52,2
DA:58,2
DA:59,2
DA:60,2
DA:61,2
DA:68,0
DA:69,0
DA:70,0
DA:71,0
DA:73,0
DA:74,0
DA:84,2
DA:85,4
DA:86,2
DA:87,4
DA:88,2
DA:92,0
DA:95,0
DA:96,0
DA:101,1
DA:103,1
DA:104,1
DA:106,0
DA:107,0
DA:108,0
DA:109,0
DA:110,0
DA:111,0
DA:112,0
DA:115,2
DA:117,2
DA:118,2
LF:44
LH:25
end_of_record
SF:lib/src/editor/tools/tool_factory.dart
DA:17,13
DA:19,25
DA:20,6
DA:21,5
DA:22,5
DA:23,5
DA:24,5
DA:25,5
DA:26,5
DA:27,6
DA:28,5
DA:29,3
DA:30,4
LF:13
LH:13
end_of_record
SF:lib/src/rendering/rough/draw_style.dart
DA:22,12
DA:35,11
DA:36,11
DA:37,22
DA:38,22
DA:39,11
DA:40,11
DA:41,11
DA:42,11
DA:43,11
DA:44,11
DA:45,11
DA:50,9
DA:51,9
DA:52,9
DA:53,9
DA:61,9
DA:62,9
DA:63,18
DA:64,9
DA:65,27
DA:66,18
DA:67,6
DA:68,4
DA:69,6
DA:70,4
DA:71,6
DA:72,4
DA:77,6
DA:78,6
DA:79,24
DA:80,6
DA:81,12
DA:89,5
DA:90,5
DA:91,20
DA:92,5
DA:93,15
DA:97,9
DA:98,27
DA:102,11
DA:103,11
DA:106,11
DA:107,22
DA:109,2
DA:110,2
DA:111,2
DA:112,3
DA:114,22
DA:115,33
DA:117,0
DA:118,0
DA:124,6
DA:125,18
LF:54
LH:52
end_of_record
SF:lib/src/rendering/export/export_bounds.dart
DA:15,7
DA:20,7
DA:21,7
DA:24,14
DA:25,35
DA:26,4
DA:31,7
DA:32,14
DA:33,14
DA:34,28
DA:35,28
DA:39,7
DA:44,6
DA:46,6
DA:47,24
DA:49,12
DA:50,6
DA:51,18
DA:52,6
DA:57,12
DA:58,6
DA:59,6
DA:60,2
DA:61,2
DA:63,3
DA:64,1
DA:71,12
DA:72,6
DA:73,6
DA:74,2
DA:75,3
DA:76,3
DA:77,1
DA:78,3
DA:83,12
DA:84,6
DA:85,6
DA:86,3
DA:87,2
DA:88,2
DA:89,3
DA:91,1
DA:92,2
DA:102,5
LF:44
LH:44
end_of_record
SF:lib/src/rendering/export/png_exporter.dart
DA:19,1
DA:26,1
DA:29,3
DA:30,3
DA:32,1
DA:33,1
DA:37,1
DA:38,1
DA:39,2
DA:44,1
DA:45,3
DA:46,1
DA:49,1
DA:55,2
DA:57,1
DA:58,3
DA:59,1
DA:60,1
DA:61,1
DA:64,2
LF:20
LH:20
end_of_record
SF:lib/src/rendering/export/svg_element_renderer.dart
DA:19,5
DA:20,5
DA:21,10
DA:22,10
DA:26,8
DA:27,8
DA:28,6
DA:29,10
DA:31,0
DA:33,2
DA:35,12
DA:38,5
DA:42,3
DA:45,5
DA:48,5
DA:50,5
DA:51,5
DA:52,3
DA:53,5
DA:54,2
DA:55,5
DA:56,1
DA:57,5
DA:58,2
DA:59,4
DA:60,2
DA:61,4
DA:62,6
DA:63,3
DA:64,2
DA:65,3
DA:66,4
DA:67,1
DA:68,2
DA:72,3
DA:74,3
DA:75,3
DA:76,3
DA:77,3
DA:78,3
DA:79,3
DA:80,3
DA:85,3
DA:86,3
DA:87,0
DA:88,0
DA:90,3
DA:91,3
DA:92,3
DA:93,6
DA:94,6
DA:97,2
DA:98,2
DA:99,4
DA:100,4
DA:101,4
DA:102,4
DA:104,1
DA:105,1
DA:106,0
DA:107,0
DA:109,4
DA:110,4
DA:111,4
DA:112,4
DA:113,2
DA:117,3
DA:120,1
DA:121,1
DA:122,1
DA:123,4
DA:125,2
DA:127,1
DA:128,0
DA:131,0
DA:132,0
DA:135,0
DA:136,0
DA:137,0
DA:139,0
DA:140,0
DA:141,0
DA:143,1
DA:144,1
DA:145,5
DA:146,5
DA:147,5
DA:149,1
DA:150,1
DA:152,4
DA:153,1
DA:154,2
DA:155,2
DA:156,3
DA:157,3
DA:159,1
DA:164,3
DA:165,12
DA:167,6
DA:169,3
DA:170,3
DA:171,3
DA:172,1
DA:173,0
DA:174,1
DA:175,1
DA:176,0
DA:177,0
DA:181,3
DA:183,3
DA:184,3
DA:187,12
DA:188,3
DA:189,6
DA:190,6
DA:191,9
DA:192,9
DA:194,3
DA:197,3
DA:200,0
DA:202,0
DA:203,0
DA:206,0
DA:207,0
DA:208,0
DA:209,0
DA:211,0
DA:212,0
DA:214,0
DA:217,1
DA:220,1
DA:221,8
DA:222,3
DA:223,8
DA:226,2
DA:227,3
DA:228,4
DA:229,1
DA:230,2
DA:232,2
DA:234,1
DA:236,1
DA:239,0
DA:242,0
DA:243,0
DA:245,0
DA:246,0
DA:247,0
DA:248,0
DA:250,0
DA:251,0
DA:252,0
DA:254,0
DA:255,0
DA:259,0
DA:260,0
DA:261,0
DA:262,0
DA:264,0
DA:265,0
DA:266,0
DA:267,0
DA:269,0
DA:270,0
DA:273,0
DA:275,0
DA:276,0
DA:277,0
DA:278,0
DA:279,0
DA:281,0
DA:283,0
DA:285,0
DA:288,0
DA:289,0
DA:290,0
DA:291,0
DA:294,3
DA:297,3
DA:298,1
DA:299,1
DA:300,1
DA:301,1
DA:303,1
DA:305,2
DA:306,1
DA:310,3
DA:311,3
DA:312,3
DA:313,3
DA:314,3
DA:316,3
DA:318,6
DA:319,3
DA:323,1
DA:324,4
DA:325,1
DA:327,1
DA:329,1
DA:331,2
DA:332,3
DA:333,4
DA:334,1
DA:335,1
DA:336,1
DA:337,1
DA:340,2
DA:341,2
DA:342,2
DA:343,0
DA:344,0
DA:347,2
DA:348,4
DA:349,0
DA:350,0
DA:353,2
DA:354,6
DA:355,12
DA:356,8
DA:357,6
DA:358,6
DA:359,4
DA:360,2
DA:361,6
DA:362,2
DA:365,1
DA:367,1
DA:368,4
DA:369,4
DA:370,4
DA:371,4
DA:372,3
DA:373,4
DA:374,1
DA:375,1
DA:378,2
DA:379,1
DA:380,4
DA:381,5
DA:382,1
DA:383,1
DA:384,3
DA:385,1
DA:386,1
DA:387,3
DA:388,1
DA:392,1
DA:397,2
DA:400,1
DA:401,4
DA:402,4
DA:403,4
DA:404,4
DA:405,1
DA:406,1
DA:411,4
DA:412,1
DA:413,4
DA:414,4
DA:415,4
DA:416,4
DA:417,2
DA:418,1
DA:419,1
DA:422,4
DA:428,8
DA:430,8
DA:431,4
DA:432,4
DA:434,4
DA:435,4
DA:437,2
DA:438,3
DA:439,1
DA:440,1
DA:442,4
DA:444,0
DA:445,0
DA:446,0
DA:447,0
DA:448,0
DA:450,4
DA:451,8
DA:452,12
DA:453,16
DA:454,4
DA:455,8
DA:457,2
DA:459,4
DA:464,3
DA:465,3
DA:466,3
DA:467,3
DA:468,3
DA:471,3
DA:478,2
DA:479,3
DA:480,1
DA:481,1
DA:483,6
DA:484,9
DA:485,12
DA:486,3
DA:487,3
DA:491,4
DA:493,4
DA:494,2
DA:495,1
DA:499,0
DA:501,0
DA:504,3
DA:509,24
DA:512,3
DA:514,3
DA:515,3
DA:516,3
DA:517,3
DA:520,5
DA:521,20
DA:522,3
DA:523,3
DA:524,3
DA:525,12
DA:526,3
DA:528,12
DA:529,3
DA:536,0
DA:537,0
DA:538,0
DA:539,0
DA:540,0
DA:541,0
DA:542,0
DA:543,0
DA:544,0
DA:545,0
DA:546,0
DA:547,0
DA:548,0
DA:549,0
DA:550,0
DA:551,0
DA:552,0
DA:553,0
DA:554,0
DA:555,0
DA:556,0
DA:564,0
DA:565,0
DA:566,0
DA:567,0
DA:568,0
DA:569,0
DA:570,0
DA:571,0
DA:572,0
DA:573,0
DA:574,0
DA:575,0
DA:576,0
DA:577,0
DA:578,0
DA:579,0
DA:584,0
DA:586,0
DA:587,0
DA:588,0
DA:589,0
DA:590,0
DA:591,0
DA:592,0
DA:593,0
DA:595,0
DA:596,0
DA:597,0
DA:598,0
DA:599,0
DA:600,0
DA:601,0
DA:602,0
DA:603,0
DA:604,0
DA:605,0
DA:606,0
DA:607,0
DA:608,0
DA:609,0
DA:610,0
DA:614,0
DA:616,0
DA:617,0
DA:618,0
DA:619,0
DA:620,0
DA:621,0
DA:622,0
DA:628,0
DA:630,0
DA:631,0
DA:632,0
DA:633,0
DA:634,0
DA:635,0
DA:636,0
DA:637,0
DA:638,0
DA:639,0
DA:640,0
DA:641,0
DA:642,0
LF:410
LH:253
end_of_record
SF:lib/src/rendering/export/svg_exporter.dart
DA:18,3
DA:24,3
DA:27,3
DA:30,3
DA:31,18
DA:32,24
DA:33,15
DA:34,15
DA:35,3
DA:39,6
DA:40,5
DA:41,5
DA:42,2
DA:46,3
DA:49,3
DA:50,9
DA:51,3
DA:52,1
DA:53,2
DA:54,4
DA:55,6
DA:56,6
DA:57,1
DA:59,1
DA:62,6
DA:63,3
DA:65,4
DA:68,2
DA:71,3
DA:73,3
DA:76,9
DA:79,6
DA:80,2
DA:81,1
DA:85,1
DA:91,2
DA:92,2
DA:93,4
DA:94,4
DA:97,3
DA:98,3
DA:101,1
DA:106,1
DA:108,2
DA:111,2
DA:115,3
DA:116,12
DA:117,0
DA:118,0
DA:119,0
DA:120,0
DA:121,0
DA:123,0
DA:124,0
LF:54
LH:47
end_of_record
SF:lib/src/rendering/export/svg_path_converter.dart
DA:13,5
DA:14,5
DA:15,10
DA:16,5
DA:17,5
DA:18,50
DA:19,5
DA:20,10
DA:21,5
DA:22,50
DA:23,40
DA:24,40
DA:27,5
DA:33,4
DA:39,4
DA:41,8
DA:42,4
DA:43,1
DA:44,2
DA:45,2
DA:46,0
DA:47,0
DA:48,0
DA:49,0
DA:50,0
DA:51,0
DA:52,0
DA:59,2
DA:60,2
DA:62,4
DA:64,1
DA:65,1
DA:66,6
DA:67,7
DA:68,7
DA:71,4
DA:72,7
DA:73,6
DA:77,16
DA:78,8
DA:79,8
DA:80,2
DA:81,4
DA:82,10
DA:84,12
DA:85,12
DA:86,12
DA:87,12
DA:89,8
DA:90,4
DA:91,8
DA:93,2
DA:105,4
DA:107,4
DA:108,4
DA:109,2
DA:110,2
DA:111,2
DA:119,4
DA:120,4
DA:121,20
DA:122,20
DA:123,20
DA:124,20
DA:126,12
DA:127,16
DA:128,8
DA:131,2
DA:132,2
DA:133,10
DA:134,10
DA:135,10
DA:136,10
DA:138,10
DA:139,4
DA:140,4
DA:143,1
DA:144,2
DA:145,1
DA:146,4
DA:147,4
DA:148,4
DA:149,4
DA:151,5
DA:154,1
DA:155,3
DA:157,6
DA:158,7
DA:159,7
DA:162,0
DA:163,0
DA:166,0
DA:167,0
DA:170,0
DA:171,0
DA:172,0
DA:173,0
DA:174,0
DA:175,0
DA:177,0
DA:178,0
DA:179,0
DA:180,0
DA:183,0
DA:184,0
DA:185,0
DA:186,0
DA:187,0
DA:188,0
DA:189,0
DA:190,0
DA:192,0
DA:195,0
DA:196,0
DA:197,0
DA:198,0
DA:199,0
DA:200,0
DA:201,0
DA:202,0
DA:204,0
DA:205,0
DA:206,0
DA:209,0
DA:210,0
DA:211,0
DA:212,0
DA:216,0
DA:218,0
DA:219,0
DA:220,0
DA:223,0
DA:225,0
DA:226,0
DA:227,0
DA:231,5
DA:232,18
DA:233,5
DA:235,5
DA:236,5
DA:237,20
DA:238,4
DA:240,23
DA:241,5
LF:144
LH:91
end_of_record
SF:lib/src/rendering/interactive/handle.dart
DA:21,17
DA:23,1
DA:26,7
DA:28,1
DA:29,3
DA:31,0
DA:32,0
LF:7
LH:5
end_of_record
SF:lib/src/rendering/interactive/interactive_canvas_painter.dart
DA:22,0
DA:56,2
DA:75,2
DA:77,2
DA:80,6
DA:81,18
DA:84,2
DA:85,2
DA:89,2
DA:90,6
DA:91,6
DA:95,1
DA:96,2
DA:97,1
DA:101,1
DA:102,3
DA:103,3
DA:104,3
DA:105,5
DA:108,4
DA:110,3
DA:111,1
DA:113,6
DA:114,2
DA:118,4
DA:119,4
DA:120,6
DA:121,2
DA:124,4
DA:125,8
DA:126,2
DA:127,4
DA:128,8
DA:129,2
DA:131,2
DA:133,2
DA:134,2
DA:135,2
DA:142,4
DA:143,2
DA:144,1
DA:148,2
DA:149,0
DA:150,0
DA:154,2
DA:155,0
DA:156,0
DA:157,0
DA:162,1
DA:167,3
DA:168,1
DA:172,2
DA:173,2
DA:177,5
DA:178,2
DA:182,2
DA:183,2
DA:187,2
DA:188,1
DA:189,2
DA:193,2
DA:194,0
DA:198,2
DA:199,0
DA:200,0
DA:204,2
DA:207,2
DA:208,0
DA:212,0
DA:214,0
DA:215,0
DA:218,0
DA:219,0
DA:220,0
DA:221,0
DA:224,0
DA:225,0
DA:226,0
DA:227,0
DA:228,0
DA:231,0
DA:232,0
DA:233,0
DA:234,0
DA:235,0
DA:236,0
DA:241,0
DA:242,0
DA:243,0
DA:244,0
DA:245,0
DA:246,0
DA:247,0
DA:250,0
DA:251,0
DA:254,0
DA:255,0
DA:256,0
DA:257,0
DA:258,0
DA:261,1
DA:263,3
DA:264,3
DA:265,3
DA:266,3
DA:267,3
DA:268,3
DA:269,3
DA:270,3
DA:271,3
DA:272,3
DA:273,3
DA:274,3
DA:275,3
DA:276,3
DA:277,3
DA:278,3
LF:117
LH:75
end_of_record
SF:lib/src/rendering/interactive/laser_renderer.dart
DA:8,0
DA:13,0
DA:18,0
DA:20,0
DA:22,0
DA:23,0
DA:24,0
DA:26,0
DA:27,0
DA:28,0
DA:30,0
DA:31,0
DA:33,0
DA:34,0
DA:37,0
DA:38,0
DA:39,0
DA:40,0
DA:41,0
DA:43,0
LF:20
LH:0
end_of_record
SF:lib/src/rendering/interactive/selection_overlay.dart
DA:16,17
DA:17,17
DA:35,7
DA:37,1
DA:40,1
DA:41,3
DA:42,3
DA:44,0
DA:45,0
DA:63,16
DA:77,16
DA:81,16
DA:83,16
DA:84,32
DA:85,32
DA:86,32
DA:87,32
DA:89,39
DA:90,7
DA:91,42
DA:94,62
DA:95,48
DA:100,64
DA:102,32
DA:103,16
DA:104,32
DA:105,32
DA:106,64
DA:107,64
DA:113,32
DA:114,15
DA:115,15
DA:116,12
DA:119,6
DA:126,32
DA:128,21
DA:129,35
DA:130,7
DA:132,7
DA:135,16
DA:137,16
DA:146,17
DA:147,17
DA:148,17
DA:149,17
DA:150,17
DA:151,34
DA:152,34
DA:154,17
DA:155,34
DA:156,34
DA:157,34
DA:158,34
DA:159,34
DA:160,34
DA:161,34
DA:162,34
DA:163,17
DA:165,34
DA:170,2
DA:173,2
DA:174,6
DA:175,3
DA:176,3
DA:177,3
DA:178,3
DA:179,3
DA:181,0
DA:183,0
DA:184,0
DA:186,0
DA:187,0
LF:72
LH:65
end_of_record
SF:lib/src/rendering/interactive/selection_renderer.dart
DA:14,0
DA:24,3
DA:25,3
DA:28,3
DA:29,3
DA:43,3
DA:48,3
DA:49,3
DA:50,3
DA:51,3
DA:53,3
DA:54,3
DA:55,6
DA:56,6
DA:57,12
DA:58,12
DA:61,3
DA:68,3
DA:73,3
DA:74,3
DA:75,3
DA:77,3
DA:78,3
DA:79,3
DA:80,3
DA:82,3
DA:83,6
DA:84,6
DA:86,3
DA:87,15
DA:91,3
DA:92,3
DA:98,3
DA:104,3
DA:105,3
DA:106,3
DA:107,3
DA:109,3
DA:110,9
DA:111,9
DA:115,3
DA:116,3
DA:117,3
DA:119,3
DA:120,3
DA:121,3
DA:122,3
DA:124,3
DA:125,3
DA:126,9
DA:130,3
DA:131,9
DA:141,1
DA:146,1
DA:147,1
DA:148,1
DA:149,1
DA:151,1
DA:153,2
DA:154,1
DA:155,3
DA:156,3
DA:157,5
DA:158,5
DA:161,2
DA:162,1
DA:163,7
DA:164,7
DA:165,1
DA:166,2
DA:167,3
DA:170,1
DA:172,2
DA:173,1
DA:179,1
DA:184,1
DA:185,1
DA:186,1
DA:187,1
DA:189,1
DA:190,1
DA:191,2
DA:192,2
DA:193,4
DA:194,4
DA:197,1
DA:201,2
DA:202,2
DA:203,2
DA:204,2
DA:206,2
DA:207,2
DA:208,2
DA:209,2
DA:211,2
DA:212,2
DA:213,2
DA:214,4
DA:215,4
DA:217,2
DA:218,2
DA:222,2
DA:223,2
DA:224,2
DA:225,2
DA:227,2
DA:228,2
DA:229,2
DA:230,2
DA:232,2
DA:233,2
DA:237,2
DA:238,2
DA:239,2
DA:240,2
DA:241,2
DA:246,4
DA:247,6
DA:248,6
DA:250,6
DA:251,6
DA:254,2
DA:260,2
DA:265,2
DA:266,2
DA:267,2
DA:269,2
DA:270,2
DA:271,2
DA:272,2
DA:274,4
DA:275,4
DA:276,6
DA:277,2
DA:278,2
DA:287,1
DA:292,1
DA:293,1
DA:294,1
DA:295,1
DA:296,1
DA:297,1
DA:298,1
DA:299,2
DA:300,2
DA:301,3
DA:302,1
DA:303,1
DA:311,0
DA:316,0
DA:317,0
DA:318,0
DA:320,0
DA:321,0
DA:322,0
DA:323,0
DA:328,2
DA:329,4
DA:331,2
DA:332,2
DA:333,2
DA:334,2
DA:336,2
DA:337,10
DA:338,6
DA:339,10
DA:341,2
DA:348,2
DA:350,2
DA:351,2
DA:352,2
DA:354,2
DA:355,2
DA:356,2
DA:357,2
DA:359,2
DA:360,2
DA:361,2
DA:362,4
DA:363,4
DA:366,2
DA:367,0
DA:368,0
DA:369,0
DA:370,0
DA:371,0
DA:372,0
DA:375,2
DA:376,2
DA:378,2
DA:379,0
DA:388,0
DA:389,0
DA:390,0
DA:391,0
DA:392,0
DA:393,0
DA:394,0
DA:401,2
DA:402,2
DA:403,2
DA:404,2
DA:405,2
DA:407,2
DA:408,2
DA:409,2
DA:410,4
DA:411,4
DA:413,2
DA:418,2
DA:419,6
DA:420,6
DA:421,6
DA:422,6
DA:425,2
DA:428,6
DA:429,6
DA:430,4
DA:431,2
DA:433,2
DA:434,2
DA:438,2
DA:440,2
DA:441,2
DA:444,2
DA:445,14
DA:446,2
DA:447,16
DA:451,2
LF:229
LH:206
end_of_record
SF:lib/src/rendering/rough/arrowhead_renderer.dart
DA:20,3
DA:22,3
DA:23,4
DA:24,2
DA:25,2
DA:26,2
DA:40,6
DA:41,12
DA:46,3
DA:47,3
DA:49,18
DA:50,18
DA:53,18
DA:54,18
DA:55,7
DA:57,6
DA:64,3
DA:70,3
DA:72,6
DA:73,4
DA:74,4
DA:75,4
DA:76,4
DA:77,4
DA:78,4
DA:79,4
DA:80,4
DA:81,4
DA:82,4
DA:83,2
DA:84,2
DA:89,3
DA:90,3
DA:91,15
DA:92,15
DA:93,15
DA:94,15
DA:96,3
DA:97,3
DA:98,9
DA:99,3
DA:103,2
DA:104,2
DA:105,10
DA:106,10
DA:107,10
DA:108,10
DA:110,2
DA:111,6
DA:112,2
DA:113,2
DA:114,2
DA:118,2
DA:119,4
DA:120,2
DA:121,8
DA:122,8
DA:123,8
DA:124,8
DA:126,2
DA:127,2
DA:128,2
DA:133,2
DA:134,6
DA:135,2
DA:136,4
DA:137,6
DA:145,2
DA:146,2
DA:149,10
DA:150,10
DA:153,8
DA:154,8
DA:155,6
DA:156,6
DA:157,8
DA:158,8
DA:160,2
DA:161,6
DA:162,2
DA:163,2
DA:164,2
DA:165,2
DA:169,2
DA:170,2
DA:172,8
DA:173,8
DA:175,8
DA:176,8
DA:177,6
DA:178,6
DA:180,2
DA:181,2
DA:182,2
DA:186,2
DA:187,2
DA:189,8
DA:190,8
DA:192,8
DA:193,8
DA:194,6
DA:195,6
DA:197,2
DA:198,2
DA:199,2
DA:200,2
DA:204,2
DA:206,2
DA:207,2
DA:208,2
DA:213,2
DA:215,2
DA:216,2
DA:217,12
DA:222,2
DA:224,2
DA:225,2
DA:226,12
DA:238,2
DA:246,2
DA:247,2
DA:248,2
DA:250,4
LF:123
LH:123
end_of_record
SF:lib/src/rendering/rough/freedraw_renderer.dart
DA:17,2
DA:18,3
DA:20,4
DA:21,1
DA:22,1
DA:23,1
DA:24,5
DA:27,4
DA:28,2
DA:29,10
DA:30,10
DA:33,2
DA:37,2
DA:38,2
DA:40,4
DA:41,2
DA:42,2
DA:43,2
DA:44,2
DA:49,2
DA:50,12
DA:54,8
DA:55,8
DA:56,2
DA:57,4
DA:58,10
DA:61,12
DA:62,12
DA:63,12
DA:64,12
DA:66,6
LF:31
LH:31
end_of_record
SF:lib/src/rendering/rough/path_dash_utility.dart
DA:10,2
DA:12,2
DA:13,2
DA:14,2
DA:21,2
DA:22,2
DA:25,2
DA:26,4
DA:29,4
DA:30,4
DA:31,6
DA:33,2
DA:34,2
LF:13
LH:13
end_of_record
SF:lib/src/rendering/rough/rough_canvas_adapter.dart
DA:24,4
DA:28,0
DA:31,4
DA:32,4
DA:33,4
DA:34,4
DA:35,8
DA:36,8
DA:40,8
DA:41,4
DA:42,8
DA:43,8
DA:44,16
DA:45,16
DA:47,4
DA:50,0
DA:52,0
DA:53,0
DA:54,0
DA:55,0
DA:56,0
DA:60,0
DA:61,0
DA:62,0
DA:63,0
DA:64,0
DA:65,0
DA:66,0
DA:67,0
DA:68,0
DA:69,0
DA:72,0
DA:73,0
DA:76,0
DA:77,0
DA:78,0
DA:79,0
DA:80,0
DA:81,0
DA:83,0
DA:86,3
DA:88,3
DA:90,3
DA:91,6
DA:92,6
DA:93,6
DA:94,6
DA:96,3
DA:99,3
DA:103,0
DA:106,3
DA:108,12
DA:109,12
DA:110,12
DA:111,12
DA:112,6
DA:115,6
DA:116,6
DA:117,6
DA:118,3
DA:119,9
DA:120,9
DA:121,9
DA:122,9
DA:123,3
DA:124,3
DA:127,0
DA:129,0
DA:130,0
DA:131,0
DA:132,0
DA:133,0
DA:134,0
DA:135,0
DA:136,0
DA:139,0
DA:140,0
DA:144,0
DA:145,0
DA:146,0
DA:147,0
DA:148,0
DA:149,0
DA:150,0
DA:151,0
DA:152,0
DA:153,0
DA:154,0
DA:155,0
DA:156,0
DA:157,0
DA:158,0
DA:159,0
DA:162,0
DA:163,0
DA:166,0
DA:167,0
DA:168,0
DA:169,0
DA:170,0
DA:171,0
DA:172,0
DA:173,0
DA:174,0
DA:175,0
DA:176,0
DA:177,0
DA:178,0
DA:179,0
DA:180,0
DA:184,0
DA:186,0
DA:187,0
DA:188,0
DA:189,0
DA:190,0
DA:191,0
DA:192,0
DA:199,0
DA:201,0
DA:202,0
DA:203,0
DA:204,0
DA:205,0
DA:206,0
DA:207,0
DA:208,0
DA:209,0
DA:210,0
DA:211,0
DA:212,0
DA:213,0
DA:219,0
DA:221,0
DA:223,0
DA:224,0
DA:225,0
DA:228,0
DA:229,0
DA:230,0
DA:231,0
DA:233,0
DA:234,0
DA:237,3
DA:239,6
DA:241,3
DA:244,12
DA:245,3
DA:246,12
DA:247,18
DA:249,3
DA:253,0
DA:255,0
DA:260,0
DA:261,0
DA:267,0
DA:268,0
DA:269,0
DA:272,0
DA:273,0
DA:274,0
DA:275,0
DA:277,0
DA:278,0
DA:285,0
DA:286,0
DA:287,0
DA:288,0
DA:289,0
DA:290,0
DA:291,0
DA:292,0
DA:293,0
DA:294,0
DA:295,0
DA:296,0
DA:297,0
DA:298,0
DA:299,0
DA:300,0
DA:301,0
DA:302,0
DA:303,0
DA:304,0
DA:305,0
DA:312,1
DA:314,2
DA:316,1
DA:319,1
DA:320,5
DA:321,5
DA:322,5
DA:324,1
DA:325,1
DA:328,1
DA:336,2
DA:342,2
DA:345,1
DA:346,1
DA:347,1
DA:348,2
DA:349,1
DA:351,0
DA:352,0
DA:356,1
DA:357,2
DA:358,2
DA:361,1
DA:362,1
DA:365,1
DA:367,1
DA:373,1
DA:374,1
DA:377,1
DA:379,1
DA:385,2
DA:394,2
DA:396,4
DA:398,2
DA:402,1
DA:403,1
DA:406,1
DA:408,1
DA:409,5
DA:415,2
DA:416,2
DA:419,2
DA:421,2
DA:422,10
DA:427,0
DA:435,0
DA:438,0
DA:439,0
DA:440,0
DA:441,0
DA:445,0
DA:446,0
DA:447,0
DA:449,0
DA:450,0
DA:454,0
DA:455,0
DA:456,0
DA:459,0
DA:460,0
DA:463,0
DA:465,0
DA:471,0
DA:472,0
DA:475,0
DA:477,0
DA:483,0
DA:491,0
DA:494,0
DA:495,0
DA:497,0
DA:498,0
DA:499,0
DA:500,0
DA:503,0
DA:504,0
DA:505,0
DA:507,0
DA:509,0
DA:514,0
DA:515,0
DA:516,0
DA:517,0
DA:520,0
DA:521,0
DA:522,0
DA:525,0
DA:526,0
DA:527,0
DA:530,0
DA:533,0
DA:534,0
DA:535,0
DA:537,0
DA:538,0
DA:542,0
DA:543,0
DA:544,0
DA:547,0
DA:548,0
DA:551,0
DA:553,0
DA:559,0
DA:560,0
DA:563,0
DA:565,0
DA:571,0
DA:572,0
DA:573,0
DA:574,0
DA:577,0
DA:580,0
DA:582,0
DA:585,1
DA:593,1
DA:598,4
DA:605,4
DA:608,4
DA:610,4
DA:612,3
DA:614,4
DA:615,4
DA:618,8
DA:619,4
DA:621,1
DA:626,4
DA:627,4
DA:628,8
DA:629,8
DA:630,4
DA:631,4
DA:640,3
DA:641,3
DA:642,3
DA:644,6
DA:645,3
DA:648,1
DA:649,1
DA:654,4
DA:655,8
DA:656,8
DA:657,8
DA:658,4
DA:659,8
DA:660,4
DA:662,4
DA:665,1
DA:672,1
DA:674,1
DA:675,2
DA:676,2
DA:677,1
DA:678,2
DA:679,1
DA:685,4
DA:686,4
DA:687,8
DA:688,4
DA:689,4
DA:690,28
DA:691,4
DA:692,0
DA:693,4
DA:694,4
DA:695,12
DA:696,12
DA:697,12
DA:698,12
DA:699,12
DA:700,12
LF:355
LH:145
end_of_record
SF:lib/src/ui/canvas_background_picker.dart
DA:15,0
DA:22,0
DA:24,0
DA:25,0
DA:26,0
DA:28,0
DA:29,0
DA:30,0
DA:32,0
DA:33,0
DA:35,0
DA:37,0
DA:38,0
DA:39,0
DA:40,0
DA:44,0
DA:46,0
DA:50,0
DA:53,0
DA:54,0
DA:55,0
DA:56,0
DA:57,0
LF:23
LH:0
end_of_record
SF:lib/src/ui/color_picker.dart
DA:17,0
DA:24,0
DA:26,0
DA:27,0
DA:28,0
DA:29,0
DA:30,0
DA:31,0
DA:32,0
DA:35,0
DA:36,0
DA:37,0
DA:38,0
DA:39,0
DA:41,0
DA:43,0
DA:45,0
DA:48,0
DA:77,1
DA:104,1
DA:105,1
DA:111,1
DA:113,1
DA:114,2
DA:115,3
DA:116,2
DA:121,0
DA:123,0
DA:124,0
DA:125,0
DA:126,0
DA:131,1
DA:133,2
DA:134,1
DA:135,1
DA:138,1
DA:140,2
DA:141,3
DA:142,3
DA:143,6
DA:144,1
DA:145,1
DA:146,1
DA:149,1
DA:150,0
DA:151,1
DA:152,2
DA:153,0
DA:155,0
DA:156,1
DA:157,2
DA:159,1
DA:162,0
DA:168,1
DA:169,1
DA:170,2
DA:171,1
DA:172,2
DA:174,2
DA:175,2
DA:177,2
DA:178,0
DA:179,0
DA:180,0
DA:182,1
DA:183,2
DA:184,2
DA:185,2
DA:188,2
DA:189,3
DA:192,0
DA:193,0
DA:194,0
DA:215,1
DA:226,1
DA:227,1
DA:239,1
DA:241,1
DA:242,2
DA:243,5
DA:245,3
DA:248,1
DA:250,3
DA:251,2
DA:252,2
DA:253,1
DA:256,1
DA:257,2
DA:258,2
DA:259,2
DA:261,1
DA:262,1
DA:263,5
DA:264,1
DA:265,2
DA:266,1
DA:267,1
DA:268,1
DA:269,1
DA:273,1
DA:274,2
DA:275,2
DA:276,1
DA:277,1
DA:278,1
DA:279,1
DA:283,0
DA:284,0
DA:285,0
DA:287,0
DA:288,0
DA:289,0
DA:290,0
DA:292,0
DA:297,0
DA:298,0
DA:299,0
DA:301,0
DA:302,0
DA:306,1
DA:307,1
DA:309,2
DA:310,1
DA:311,1
DA:316,2
DA:317,1
DA:318,1
DA:319,1
DA:321,1
DA:330,1
DA:339,2
DA:340,6
DA:341,4
DA:342,4
DA:343,0
DA:345,1
DA:346,4
DA:347,0
DA:350,1
DA:351,1
DA:353,1
DA:354,1
DA:355,1
DA:357,0
DA:358,1
DA:360,0
DA:361,0
DA:362,0
DA:368,1
DA:369,1
DA:370,2
DA:377,1
DA:380,1
DA:382,1
DA:383,1
DA:386,1
DA:387,3
DA:388,1
DA:390,1
DA:393,1
DA:394,1
DA:395,0
DA:396,1
DA:399,1
DA:400,3
DA:401,1
DA:402,3
DA:403,0
DA:404,1
DA:405,1
DA:406,1
DA:407,3
DA:411,1
DA:413,2
DA:417,1
DA:418,1
DA:420,1
DA:422,1
DA:423,1
DA:424,1
DA:428,1
DA:433,1
DA:434,1
DA:442,1
DA:443,1
DA:444,0
DA:445,0
DA:446,0
DA:447,0
DA:448,0
DA:449,0
DA:452,0
DA:453,0
DA:454,0
DA:455,0
DA:471,1
DA:472,1
DA:474,1
DA:475,1
DA:476,1
DA:477,1
DA:478,1
DA:479,1
DA:486,1
DA:487,1
DA:491,0
DA:492,0
DA:493,0
DA:494,0
DA:499,2
DA:501,1
DA:508,1
DA:509,3
DA:510,1
DA:511,1
DA:512,1
DA:513,0
DA:515,1
DA:518,1
DA:521,1
DA:522,2
DA:523,1
DA:525,1
DA:528,3
DA:534,1
DA:535,3
DA:536,1
[...]
DA:258,0
DA:259,0
DA:260,0
DA:263,0
DA:273,0
DA:275,0
DA:277,0
DA:279,0
LF:118
LH:0
end_of_record
SF:lib/src/ui/hamburger_menu.dart
DA:9,0
DA:10,0
DA:11,0
DA:13,0
DA:15,0
DA:19,0
DA:21,0
DA:22,0
DA:23,0
DA:26,0
DA:27,0
DA:32,0
DA:34,0
DA:51,0
DA:64,0
DA:66,0
DA:68,0
DA:70,0
DA:71,0
DA:72,0
DA:73,0
DA:74,0
DA:75,0
DA:76,0
DA:77,0
DA:78,0
DA:79,0
DA:80,0
DA:86,0
DA:92,0
DA:94,0
DA:95,0
DA:96,0
DA:97,0
DA:98,0
DA:99,0
DA:100,0
DA:101,0
DA:102,0
DA:103,0
DA:104,0
DA:105,0
DA:106,0
DA:107,0
DA:108,0
DA:109,0
DA:110,0
DA:111,0
DA:112,0
DA:113,0
DA:114,0
DA:115,0
DA:116,0
DA:117,0
DA:118,0
DA:119,0
DA:120,0
DA:121,0
DA:124,0
DA:125,0
DA:126,0
DA:127,0
DA:128,0
DA:129,0
DA:130,0
DA:131,0
DA:132,0
DA:134,0
DA:135,0
DA:136,0
DA:137,0
DA:138,0
DA:139,0
DA:140,0
DA:141,0
DA:142,0
DA:143,0
DA:145,0
DA:146,0
DA:147,0
DA:150,0
DA:151,0
DA:152,0
DA:156,0
DA:157,0
DA:161,0
DA:162,0
DA:164,0
DA:165,0
DA:167,0
DA:168,0
DA:169,0
DA:172,0
DA:173,0
DA:174,0
DA:178,0
DA:179,0
DA:180,0
DA:182,0
DA:183,0
DA:185,0
DA:190,0
DA:192,0
DA:193,0
DA:194,0
DA:197,0
DA:198,0
DA:199,0
DA:203,0
DA:205,0
DA:206,0
DA:207,0
DA:209,0
DA:214,0
DA:216,0
DA:217,0
DA:218,0
DA:219,0
DA:221,0
DA:222,0
DA:223,0
DA:226,0
DA:227,0
DA:228,0
DA:232,0
DA:234,0
DA:235,0
DA:236,0
DA:238,0
DA:243,0
DA:245,0
DA:246,0
DA:247,0
DA:250,0
DA:251,0
DA:252,0
DA:256,0
DA:258,0
DA:259,0
DA:260,0
DA:262,0
DA:267,0
DA:269,0
DA:272,0
DA:273,0
DA:274,0
DA:278,0
DA:281,0
DA:288,0
DA:289,0
DA:292,0
DA:299,0
DA:300,0
DA:302,0
DA:303,0
DA:304,0
DA:306,0
DA:308,0
DA:310,0
LF:159
LH:0
end_of_record
SF:lib/src/ui/help_button.dart
DA:9,5
DA:11,0
DA:13,0
DA:14,0
DA:15,0
DA:16,0
DA:17,0
DA:18,0
DA:19,0
DA:20,0
DA:21,0
DA:22,0
DA:23,0
DA:24,0
DA:30,0
DA:32,0
LF:16
LH:1
end_of_record
SF:lib/src/ui/help_dialog.dart
DA:7,0
DA:9,0
DA:11,0
DA:13,0
DA:14,0
DA:16,0
DA:18,0
DA:19,0
DA:21,0
DA:22,0
DA:28,0
DA:30,0
DA:36,0
DA:37,0
DA:39,0
DA:41,0
DA:42,0
DA:43,0
DA:44,0
DA:45,0
DA:46,0
DA:47,0
DA:48,0
DA:49,0
DA:50,0
DA:51,0
DA:52,0
DA:53,0
DA:54,0
DA:55,0
DA:56,0
DA:59,0
DA:60,0
DA:61,0
DA:62,0
DA:63,0
DA:64,0
DA:65,0
DA:66,0
DA:67,0
DA:68,0
DA:69,0
DA:70,0
DA:73,0
DA:74,0
DA:75,0
DA:76,0
DA:77,0
DA:78,0
DA:79,0
DA:80,0
DA:81,0
DA:82,0
DA:83,0
DA:84,0
DA:85,0
DA:86,0
DA:87,0
DA:88,0
DA:89,0
DA:90,0
DA:91,0
DA:92,0
DA:93,0
DA:94,0
DA:95,0
DA:96,0
DA:97,0
DA:98,0
DA:99,0
DA:100,0
DA:101,0
DA:102,0
DA:103,0
DA:104,0
DA:105,0
DA:106,0
DA:107,0
DA:108,0
DA:109,0
DA:110,0
DA:111,0
DA:114,0
DA:115,0
DA:116,0
DA:117,0
DA:118,0
DA:131,0
DA:132,0
DA:134,0
DA:135,0
DA:138,0
DA:143,0
DA:144,0
DA:146,0
DA:147,0
DA:148,0
DA:149,0
DA:151,0
DA:153,0
DA:154,0
DA:155,0
DA:157,0
LF:103
LH:0
end_of_record
SF:lib/src/ui/keyboard_handler.dart
DA:11,0
DA:23,0
DA:63,0
DA:78,0
DA:81,0
DA:82,0
DA:83,0
DA:84,0
DA:88,0
DA:89,0
DA:94,0
DA:95,0
DA:96,0
DA:97,0
DA:98,0
DA:101,0
DA:104,0
DA:105,0
DA:110,0
DA:111,0
DA:116,0
DA:117,0
DA:122,0
DA:123,0
DA:128,0
DA:129,0
DA:134,0
DA:137,0
DA:138,0
DA:139,0
DA:144,0
DA:145,0
DA:146,0
DA:147,0
DA:153,0
DA:154,0
DA:155,0
DA:161,0
DA:162,0
DA:163,0
DA:164,0
DA:166,0
DA:167,0
DA:171,0
DA:173,0
DA:180,0
DA:181,0
DA:187,0
DA:188,0
DA:189,0
DA:190,0
DA:191,0
DA:192,0
DA:193,0
DA:198,0
DA:199,0
DA:204,0
DA:205,0
DA:208,0
DA:209,0
DA:214,0
DA:215,0
DA:220,0
DA:222,0
DA:224,0
DA:228,0
DA:229,0
DA:234,0
DA:236,0
DA:238,0
DA:242,0
DA:243,0
DA:248,0
DA:249,0
DA:252,0
DA:253,0
DA:256,0
DA:257,0
DA:262,0
DA:263,0
DA:264,0
DA:265,0
DA:272,0
DA:273,0
DA:274,0
DA:275,0
DA:280,0
DA:281,0
DA:282,0
DA:283,0
DA:284,0
DA:285,0
DA:292,0
DA:293,0
DA:296,0
DA:297,0
DA:303,0
DA:304,0
DA:309,0
DA:310,0
DA:316,0
DA:317,0
DA:318,0
DA:321,0
DA:322,0
DA:329,0
DA:330,0
DA:331,0
DA:337,0
DA:338,0
DA:339,0
DA:340,0
DA:343,0
DA:345,0
DA:352,0
DA:353,0
DA:359,0
DA:360,0
DA:361,0
DA:362,0
DA:364,0
DA:366,0
DA:368,0
DA:370,0
DA:372,0
DA:374,0
DA:376,0
DA:377,0
DA:381,0
DA:385,0
DA:387,0
DA:388,0
DA:390,0
DA:397,0
DA:398,0
DA:399,0
DA:400,0
DA:401,0
DA:403,0
DA:404,0
DA:405,0
DA:406,0
DA:410,0
DA:411,0
DA:412,0
DA:413,0
DA:414,0
DA:416,0
DA:417,0
DA:418,0
LF:150
LH:0
end_of_record
SF:lib/src/ui/library_panel.dart
DA:14,0
DA:21,0
DA:23,0
DA:24,0
DA:25,0
DA:27,0
DA:29,0
DA:30,0
DA:31,0
DA:32,0
DA:34,0
DA:35,0
DA:36,0
DA:38,0
DA:39,0
DA:41,0
DA:43,0
DA:44,0
DA:50,0
DA:51,0
DA:53,0
DA:58,0
DA:59,0
DA:62,0
DA:67,0
DA:69,0
DA:70,0
DA:79,0
DA:81,0
DA:83,0
DA:86,0
DA:87,0
DA:93,0
DA:94,0
DA:95,0
DA:96,0
DA:98,0
DA:101,0
DA:102,0
DA:106,0
DA:107,0
DA:108,0
DA:109,0
DA:110,0
DA:112,0
DA:113,0
DA:116,0
DA:117,0
DA:120,0
DA:122,0
DA:124,0
DA:125,0
DA:127,0
DA:129,0
DA:130,0
DA:136,0
DA:138,0
DA:140,0
DA:141,0
DA:144,0
DA:145,0
DA:146,0
DA:148,0
DA:149,0
DA:150,0
DA:151,0
DA:157,0
LF:67
LH:0
end_of_record
SF:lib/src/ui/link_overlay.dart
DA:14,0
DA:23,0
DA:24,0
DA:31,0
DA:33,0
DA:34,0
DA:37,0
DA:39,0
DA:40,0
DA:41,0
DA:42,0
DA:46,0
DA:47,0
DA:48,0
DA:49,0
DA:51,0
DA:52,0
DA:53,0
DA:54,0
DA:56,0
DA:62,0
DA:64,0
DA:65,0
DA:66,0
DA:69,0
DA:70,0
DA:71,0
DA:72,0
DA:73,0
DA:74,0
DA:75,0
DA:77,0
DA:78,0
DA:81,0
DA:82,0
DA:83,0
DA:84,0
DA:85,0
DA:86,0
DA:89,0
DA:90,0
DA:91,0
DA:94,0
DA:96,0
DA:98,0
DA:99,0
DA:102,0
DA:103,0
DA:104,0
DA:105,0
DA:106,0
DA:107,0
DA:110,0
DA:113,0
DA:114,0
DA:115,0
DA:116,0
DA:117,0
DA:118,0
DA:119,0
DA:120,0
DA:121,0
DA:122,0
DA:128,0
DA:129,0
DA:130,0
DA:135,0
DA:136,0
DA:139,0
DA:140,0
DA:141,0
DA:142,0
DA:143,0
DA:144,0
DA:145,0
DA:146,0
DA:149,0
DA:150,0
DA:151,0
DA:153,0
DA:154,0
DA:156,0
DA:158,0
DA:162,0
DA:165,0
DA:169,0
DA:170,0
DA:178,0
DA:179,0
DA:180,0
DA:182,0
DA:184,0
DA:185,0
DA:186,0
DA:187,0
DA:189,0
DA:190,0
DA:191,0
DA:193,0
DA:194,0
DA:195,0
DA:196,0
DA:197,0
DA:198,0
DA:201,0
DA:203,0
DA:205,0
DA:207,0
DA:209,0
DA:217,0
DA:220,0
DA:224,0
DA:225,0
DA:230,0
DA:233,0
DA:237,0
DA:241,0
DA:244,0
DA:248,0
DA:256,0
DA:257,0
DA:259,0
DA:260,0
DA:262,0
DA:263,0
DA:264,0
DA:266,0
DA:268,0
DA:270,0
DA:276,0
DA:277,0
DA:278,0
DA:282,0
DA:286,0
DA:287,0
DA:288,0
DA:290,0
DA:291,0
DA:292,0
DA:297,0
DA:304,0
DA:305,0
DA:306,0
DA:307,0
DA:310,0
DA:314,0
DA:318,0
DA:319,0
DA:321,0
DA:322,0
DA:323,0
LF:151
LH:0
end_of_record
SF:lib/src/ui/markdraw_app.dart
DA:23,0
DA:44,0
DA:45,0
DA:51,0
DA:53,0
DA:54,0
DA:57,0
DA:59,0
DA:60,0
DA:61,0
DA:63,0
DA:66,0
DA:68,0
DA:71,0
DA:72,0
DA:73,0
DA:75,0
DA:76,0
DA:79,0
LF:19
LH:0
end_of_record
SF:lib/src/ui/markdraw_autocomplete.dart
DA:17,1
DA:19,4
DA:20,2
DA:21,2
DA:22,1
DA:25,1
DA:26,1
DA:28,1
DA:138,0
DA:146,0
DA:152,0
DA:155,0
DA:156,0
DA:157,0
DA:158,0
DA:159,0
DA:160,0
DA:161,0
DA:162,0
DA:164,0
DA:167,0
DA:172,0
DA:174,0
DA:181,0
DA:186,0
DA:194,0
DA:205,0
DA:209,0
DA:211,0
DA:212,0
DA:213,0
DA:214,0
DA:215,0
DA:217,0
DA:218,0
DA:220,0
DA:221,0
DA:222,0
DA:225,0
DA:226,0
DA:227,0
DA:228,0
DA:229,0
DA:230,0
DA:231,0
DA:237,0
DA:240,0
DA:242,0
DA:243,0
DA:244,0
DA:245,0
DA:246,0
DA:247,0
DA:249,0
DA:252,0
DA:255,0
DA:256,0
DA:257,0
DA:260,0
LF:59
LH:8
end_of_record
SF:lib/src/ui/markdraw_editor.dart
DA:15,0
DA:55,0
DA:56,0
DA:62,0
DA:63,0
DA:65,0
DA:67,0
DA:68,0
DA:69,0
DA:70,0
DA:73,0
DA:75,0
DA:76,0
DA:77,0
DA:78,0
DA:79,0
DA:83,0
DA:85,0
DA:86,0
DA:87,0
DA:90,0
DA:91,0
DA:94,0
DA:96,0
DA:98,0
DA:100,0
DA:101,0
DA:102,0
DA:103,0
DA:104,0
DA:105,0
DA:106,0
DA:107,0
DA:108,0
DA:109,0
DA:110,0
DA:111,0
DA:113,0
DA:114,0
DA:116,0
DA:119,0
DA:120,0
DA:122,0
DA:123,0
DA:124,0
DA:125,0
DA:126,0
DA:127,0
DA:128,0
DA:129,0
DA:130,0
DA:131,0
DA:133,0
DA:139,0
DA:140,0
DA:141,0
DA:143,0
DA:144,0
DA:145,0
DA:147,0
DA:148,0
DA:149,0
DA:152,0
DA:160,0
DA:161,0
DA:162,0
DA:163,0
DA:164,0
DA:165,0
DA:167,0
DA:168,0
DA:169,0
DA:170,0
DA:171,0
DA:174,0
DA:177,0
DA:178,0
DA:179,0
DA:181,0
DA:182,0
DA:188,0
DA:189,0
DA:190,0
DA:191,0
DA:192,0
DA:193,0
DA:198,0
DA:200,0
DA:204,0
DA:205,0
DA:206,0
DA:210,0
DA:211,0
DA:215,0
DA:216,0
DA:217,0
DA:218,0
DA:219,0
DA:224,0
DA:227,0
DA:228,0
DA:229,0
DA:231,0
DA:232,0
DA:233,0
DA:234,0
DA:237,0
DA:238,0
DA:239,0
DA:241,0
DA:242,0
DA:243,0
DA:250,0
DA:251,0
DA:254,0
DA:255,0
DA:256,0
DA:257,0
DA:258,0
DA:259,0
DA:260,0
DA:261,0
DA:262,0
DA:263,0
DA:266,0
DA:267,0
DA:270,0
DA:271,0
DA:272,0
DA:275,0
DA:276,0
DA:286,0
DA:287,0
DA:288,0
DA:289,0
DA:293,0
DA:296,0
DA:297,0
DA:300,0
DA:301,0
DA:302,0
DA:303,0
DA:304,0
DA:305,0
DA:306,0
DA:307,0
DA:308,0
DA:309,0
DA:310,0
DA:311,0
DA:312,0
DA:313,0
DA:316,0
DA:317,0
DA:321,0
DA:322,0
DA:326,0
DA:327,0
DA:328,0
DA:329,0
DA:334,0
DA:335,0
DA:336,0
DA:338,0
DA:339,0
DA:342,0
DA:343,0
DA:345,0
DA:349,0
DA:350,0
DA:353,0
DA:354,0
DA:356,0
DA:361,0
DA:362,0
DA:367,0
DA:368,0
DA:369,0
DA:370,0
DA:371,0
DA:374,0
DA:375,0
DA:377,0
DA:378,0
DA:380,0
DA:381,0
DA:383,0
DA:384,0
DA:385,0
DA:386,0
DA:387,0
DA:388,0
DA:393,0
DA:398,0
DA:399,0
DA:401,0
DA:403,0
DA:405,0
DA:406,0
DA:407,0
DA:409,0
DA:411,0
DA:412,0
LF:203
LH:0
end_of_record
SF:lib/src/ui/markdraw_editor_config.dart
DA:9,6
LF:1
LH:1
end_of_record
SF:lib/src/ui/markdraw_file_handler.dart
DA:19,0
DA:27,0
DA:28,0
DA:29,0
DA:30,0
DA:31,0
DA:34,0
DA:39,0
DA:40,0
DA:42,0
DA:44,0
DA:48,0
DA:51,0
DA:52,0
DA:58,0
DA:59,0
DA:66,0
DA:67,0
DA:68,0
DA:70,0
DA:71,0
DA:73,0
DA:77,0
DA:78,0
DA:82,0
DA:83,0
DA:87,0
DA:89,0
DA:94,0
DA:99,0
DA:100,0
DA:101,0
DA:104,0
DA:106,0
DA:111,0
DA:118,0
DA:119,0
DA:126,0
DA:127,0
DA:129,0
DA:130,0
DA:131,0
DA:132,0
DA:136,0
DA:137,0
DA:140,0
DA:143,0
DA:145,0
DA:146,0
DA:147,0
DA:148,0
DA:149,0
DA:153,0
DA:157,0
DA:158,0
DA:159,0
DA:162,0
DA:164,0
DA:167,0
DA:171,0
DA:172,0
DA:173,0
LF:62
LH:0
end_of_record
SF:lib/src/ui/markdraw_grammar.dart
DA:9,3
DA:12,1
DA:14,1
DA:22,1
DA:25,1
DA:32,1
DA:38,1
DA:44,1
DA:51,1
DA:58,1
DA:64,1
DA:70,1
DA:77,1
LF:13
LH:13
end_of_record
SF:lib/src/ui/markdraw_split_pane.dart
DA:25,0
DA:37,0
DA:38,0
DA:67,0
DA:69,0
DA:71,0
DA:75,0
DA:80,0
DA:83,0
DA:84,0
DA:87,0
DA:90,0
DA:91,0
DA:100,0
DA:102,0
DA:103,0
DA:104,0
DA:106,0
DA:108,0
DA:109,0
DA:110,0
DA:111,0
DA:115,0
DA:117,0
DA:118,0
DA:119,0
DA:120,0
DA:121,0
DA:122,0
DA:124,0
DA:125,0
DA:132,0
DA:133,0
DA:134,0
DA:135,0
DA:136,0
DA:137,0
DA:138,0
DA:142,0
DA:143,0
DA:144,0
DA:145,0
DA:146,0
DA:147,0
DA:150,0
DA:151,0
DA:152,0
DA:153,0
DA:154,0
DA:155,0
DA:156,0
DA:157,0
DA:161,0
DA:162,0
DA:163,0
DA:165,0
DA:166,0
DA:170,0
DA:175,0
DA:176,0
DA:179,0
DA:186,0
DA:187,0
DA:188,0
DA:189,0
DA:190,0
DA:191,0
DA:192,0
DA:193,0
DA:197,0
DA:198,0
DA:199,0
DA:201,0
DA:202,0
DA:203,0
DA:205,0
DA:206,0
DA:208,0
DA:209,0
DA:210,0
DA:211,0
DA:214,0
DA:215,0
DA:217,0
DA:218,0
DA:219,0
DA:220,0
DA:221,0
DA:223,0
DA:224,0
DA:227,0
DA:228,0
DA:229,0
DA:230,0
DA:231,0
DA:234,0
DA:237,0
DA:238,0
DA:239,0
DA:242,0
DA:249,0
DA:250,0
DA:251,0
DA:252,0
DA:253,0
DA:254,0
DA:267,0
DA:268,0
DA:269,0
DA:270,0
DA:271,0
DA:272,0
DA:273,0
DA:274,0
DA:275,0
DA:276,0
DA:277,0
DA:278,0
DA:280,0
DA:285,0
DA:286,0
DA:287,0
DA:288,0
DA:289,0
DA:294,0
DA:296,0
DA:297,0
DA:298,0
DA:300,0
DA:301,0
DA:303,0
DA:304,0
DA:305,0
DA:307,0
DA:308,0
DA:309,0
DA:310,0
DA:311,0
DA:314,0
DA:315,0
DA:317,0
DA:322,0
DA:324,0
DA:325,0
DA:326,0
DA:328,0
DA:329,0
DA:330,0
DA:331,0
DA:332,0
DA:335,0
DA:336,0
DA:338,0
DA:343,0
DA:345,0
DA:346,0
DA:347,0
DA:348,0
DA:349,0
DA:350,0
DA:351,0
DA:352,0
DA:353,0
DA:355,0
DA:356,0
DA:357,0
DA:358,0
DA:360,0
DA:363,0
DA:364,0
DA:369,0
DA:370,0
DA:371,0
DA:372,0
DA:373,0
DA:374,0
DA:376,0
DA:377,0
DA:378,0
DA:379,0
DA:381,0
DA:384,0
DA:385,0
DA:398,0
DA:418,0
DA:420,0
DA:421,0
DA:423,0
DA:424,0
DA:426,0
DA:429,0
DA:430,0
DA:431,0
DA:432,0
DA:435,0
DA:436,0
DA:437,0
DA:438,0
DA:440,0
DA:442,0
DA:443,0
DA:448,0
DA:450,0
DA:451,0
DA:454,0
DA:455,0
DA:456,0
DA:458,0
DA:467,0
DA:469,0
DA:470,0
DA:473,0
DA:474,0
DA:475,0
DA:477,0
DA:486,0
DA:488,0
DA:489,0
DA:492,0
DA:494,0
DA:507,0
DA:508,0
DA:510,0
DA:511,0
DA:512,0
DA:515,0
DA:517,0
DA:518,0
DA:519,0
DA:520,0
DA:524,0
DA:525,0
DA:527,0
DA:533,0
DA:534,0
DA:537,0
DA:539,0
DA:540,0
DA:550,0
DA:551,0
DA:552,0
DA:553,0
DA:565,0
DA:575,0
DA:577,0
DA:583,0
DA:586,0
DA:587,0
DA:589,0
DA:590,0
DA:591,0
DA:598,0
DA:599,0
DA:600,0
DA:603,0
DA:604,0
DA:605,0
DA:606,0
DA:609,0
DA:610,0
DA:611,0
DA:614,0
DA:620,0
DA:622,0
DA:625,0
DA:628,0
DA:630,0
DA:631,0
DA:633,0
DA:636,0
DA:649,0
DA:650,0
DA:651,0
DA:652,0
DA:661,0
DA:665,0
DA:667,0
DA:668,0
DA:669,0
DA:670,0
DA:671,0
DA:672,0
DA:673,0
DA:674,0
DA:675,0
LF:285
LH:0
end_of_record
SF:lib/src/ui/platform_io_native.dart
DA:8,0
DA:11,0
DA:12,0
DA:15,0
DA:16,0
DA:19,0
DA:20,0
DA:23,0
DA:25,0
LF:9
LH:0
end_of_record
SF:lib/src/ui/property_panel.dart
DA:12,0
DA:14,0
DA:16,0
DA:18,0
DA:19,0
DA:26,0
DA:27,0
DA:28,0
DA:29,0
DA:30,0
DA:32,0
DA:36,0
DA:37,0
DA:39,0
DA:40,0
DA:41,0
DA:42,0
DA:43,0
DA:44,0
DA:45,0
DA:46,0
DA:47,0
DA:48,0
DA:49,0
DA:50,0
DA:51,0
DA:52,0
DA:53,0
DA:54,0
DA:55,0
DA:56,0
DA:57,0
DA:58,0
DA:59,0
DA:60,0
DA:61,0
DA:62,0
DA:63,0
DA:64,0
DA:65,0
DA:67,0
DA:70,0
DA:71,0
DA:76,0
DA:77,0
DA:79,0
DA:80,0
DA:81,0
DA:82,0
DA:83,0
DA:84,0
DA:87,0
DA:88,0
DA:91,0
DA:92,0
DA:98,0
DA:99,0
DA:100,0
DA:102,0
DA:103,0
DA:104,0
DA:111,0
DA:120,0
DA:121,0
DA:123,0
DA:124,0
DA:126,0
DA:127,0
DA:129,0
DA:130,0
LF:70
LH:0
end_of_record
SF:lib/src/ui/property_panel_content.dart
DA:21,0
DA:33,0
DA:35,0
DA:36,0
DA:38,0
DA:40,0
DA:41,0
DA:42,0
DA:43,0
DA:44,0
DA:45,0
DA:48,0
DA:50,0
DA:51,0
DA:53,0
DA:55,0
DA:56,0
DA:62,0
DA:63,0
DA:65,0
DA:66,0
DA:67,0
DA:69,0
DA:70,0
DA:71,0
DA:76,0
DA:77,0
DA:78,0
DA:81,0
DA:82,0
DA:83,0
DA:86,0
DA:87,0
DA:88,0
DA:89,0
DA:92,0
DA:93,0
DA:98,0
DA:99,0
DA:101,0
DA:102,0
DA:103,0
DA:105,0
DA:106,0
DA:107,0
DA:111,0
DA:113,0
DA:114,0
DA:116,0
DA:117,0
DA:118,0
DA:123,0
DA:124,0
DA:126,0
DA:127,0
DA:129,0
DA:130,0
DA:132,0
DA:133,0
DA:134,0
DA:136,0
DA:137,0
DA:140,0
DA:142,0
DA:143,0
DA:145,0
DA:147,0
DA:148,0
DA:150,0
DA:152,0
DA:153,0
DA:155,0
DA:157,0
DA:158,0
DA:159,0
DA:161,0
DA:163,0
DA:166,0
DA:167,0
DA:168,0
DA:170,0
DA:173,0
DA:174,0
DA:179,0
DA:182,0
DA:183,0
DA:184,0
DA:186,0
DA:189,0
DA:190,0
DA:195,0
DA:196,0
DA:197,0
DA:204,0
DA:205,0
DA:207,0
DA:209,0
DA:212,0
DA:218,0
DA:225,0
DA:227,0
DA:228,0
DA:230,0
DA:231,0
DA:232,0
DA:234,0
DA:236,0
DA:237,0
DA:240,0
DA:244,0
DA:246,0
DA:251,0
DA:252,0
DA:253,0
DA:255,0
DA:261,0
DA:265,0
DA:268,0
DA:269,0
DA:270,0
DA:271,0
DA:272,0
DA:273,0
DA:274,0
DA:275,0
DA:277,0
DA:278,0
DA:285,0
DA:287,0
DA:288,0
DA:291,0
DA:292,0
DA:293,0
DA:294,0
DA:295,0
DA:296,0
DA:297,0
DA:298,0
DA:300,0
DA:301,0
DA:308,0
DA:310,0
DA:311,0
DA:314,0
DA:315,0
DA:316,0
DA:317,0
DA:318,0
DA:319,0
DA:320,0
DA:321,0
DA:323,0
DA:324,0
DA:331,0
DA:334,0
DA:337,0
DA:338,0
DA:339,0
DA:340,0
DA:341,0
DA:342,0
DA:343,0
DA:344,0
DA:346,0
DA:347,0
DA:354,0
DA:355,0
DA:357,0
DA:359,0
DA:360,0
DA:365,0
DA:371,0
DA:372,0
DA:373,0
DA:380,0
DA:381,0
DA:383,0
DA:386,0
DA:387,0
DA:388,0
DA:390,0
DA:391,0
DA:395,0
DA:397,0
DA:398,0
DA:401,0
DA:403,0
DA:404,0
DA:405,0
DA:406,0
DA:407,0
DA:408,0
DA:409,0
DA:411,0
DA:415,0
DA:417,0
DA:418,0
DA:419,0
DA:420,0
DA:423,0
DA:432,0
DA:434,0
DA:435,0
DA:439,0
DA:440,0
DA:442,0
DA:443,0
DA:444,0
DA:445,0
DA:446,0
DA:450,0
DA:459,0
DA:460,0
DA:463,0
DA:464,0
DA:465,0
DA:466,0
DA:467,0
DA:468,0
DA:469,0
DA:470,0
DA:473,0
DA:474,0
DA:475,0
DA:476,0
DA:478,0
DA:480,0
DA:482,0
DA:483,0
DA:484,0
DA:485,0
DA:487,0
DA:494,0
DA:501,0
DA:503,0
DA:505,0
DA:506,0
DA:507,0
DA:510,0
DA:511,0
DA:513,0
DA:515,0
DA:517,0
DA:519,0
DA:522,0
DA:523,0
DA:524,0
DA:525,0
DA:527,0
DA:528,0
DA:530,0
DA:532,0
DA:541,0
DA:542,0
DA:545,0
DA:546,0
DA:548,0
DA:549,0
DA:550,0
DA:552,0
DA:553,0
DA:554,0
DA:555,0
DA:560,0
DA:562,0
DA:563,0
DA:564,0
DA:565,0
DA:566,0
DA:567,0
DA:568,0
DA:569,0
DA:574,0
DA:576,0
DA:577,0
DA:578,0
DA:579,0
DA:580,0
DA:581,0
DA:582,0
DA:583,0
DA:588,0
DA:590,0
DA:591,0
DA:592,0
DA:593,0
DA:594,0
DA:595,0
DA:596,0
DA:597,0
DA:606,0
DA:607,0
DA:608,0
DA:610,0
DA:611,0
DA:612,0
DA:614,0
DA:615,0
DA:617,0
DA:619,0
DA:621,0
DA:623,0
DA:625,0
DA:629,0
DA:631,0
DA:632,0
DA:634,0
DA:635,0
DA:637,0
DA:646,0
DA:652,0
DA:654,0
DA:655,0
DA:658,0
DA:659,0
DA:660,0
DA:661,0
DA:662,0
DA:663,0
DA:664,0
DA:665,0
DA:671,0
DA:672,0
DA:673,0
DA:675,0
DA:678,0
DA:679,0
DA:681,0
DA:685,0
DA:686,0
DA:688,0
DA:693,0
DA:695,0
DA:696,0
DA:701,0
DA:702,0
DA:703,0
DA:708,0
DA:709,0
DA:710,0
DA:711,0
DA:712,0
DA:713,0
DA:714,0
DA:716,0
DA:721,0
DA:723,0
DA:727,0
DA:732,0
DA:734,0
DA:736,0
DA:737,0
DA:738,0
DA:739,0
DA:741,0
DA:742,0
DA:743,0
DA:745,0
DA:746,0
DA:750,0
DA:754,0
DA:758,0
DA:759,0
DA:760,0
DA:761,0
DA:762,0
DA:763,0
DA:766,0
DA:767,0
DA:768,0
DA:772,0
DA:775,0
DA:778,0
DA:781,0
DA:787,0
DA:788,0
DA:790,0
DA:791,0
DA:793,0
DA:795,0
DA:796,0
DA:798,0
DA:800,0
DA:802,0
DA:810,0
DA:811,0
DA:813,0
DA:814,0
DA:815,0
DA:818,0
DA:821,0
DA:822,0
DA:823,0
DA:826,0
DA:827,0
DA:828,0
DA:830,0
DA:831,0
DA:832,0
DA:835,0
DA:841,0
DA:842,0
DA:846,0
DA:847,0
DA:850,0
DA:852,0
DA:853,0
DA:855,0
DA:856,0
DA:857,0
DA:858,0
DA:861,0
DA:864,0
DA:865,0
DA:866,0
DA:872,0
DA:875,0
DA:876,0
DA:877,0
DA:879,0
DA:880,0
DA:881,0
DA:882,0
DA:883,0
DA:886,0
DA:889,0
DA:890,0
DA:891,0
DA:901,0
DA:903,0
DA:905,0
DA:906,0
DA:908,0
DA:909,0
DA:910,0
DA:913,0
DA:917,0
DA:919,0
DA:925,0
DA:927,0
DA:928,0
DA:929,0
DA:932,0
DA:938,0
DA:940,0
DA:941,0
DA:942,0
DA:945,0
DA:958,0
DA:959,0
DA:960,0
DA:961,0
DA:963,0
DA:965,0
DA:966,0
DA:968,0
DA:970,0
DA:973,0
DA:974,0
DA:977,0
DA:978,0
DA:979,0
DA:980,0
DA:981,0
DA:982,0
DA:983,0
DA:985,0
DA:986,0
DA:987,0
DA:988,0
DA:992,0
DA:995,0
DA:996,0
DA:998,0
DA:999,0
DA:1001,0
DA:1003,0
DA:1004,0
DA:1007,0
DA:1008,0
DA:1013,0
DA:1015,0
DA:1017,0
DA:1018,0
DA:1019,0
DA:1020,0
DA:1026,0
DA:1027,0
DA:1028,0
DA:1032,0
DA:1051,0
DA:1053,0
DA:1054,0
DA:1056,0
DA:1057,0
DA:1058,0
DA:1059,0
DA:1060,0
DA:1061,0
DA:1063,0
DA:1064,0
DA:1069,0
DA:1071,0
DA:1072,0
DA:1073,0
DA:1074,0
DA:1075,0
DA:1076,0
DA:1078,0
DA:1079,0
DA:1087,0
DA:1093,0
DA:1096,0
DA:1097,0
DA:1098,0
DA:1099,0
DA:1100,0
DA:1101,0
DA:1115,0
DA:1122,0
DA:1123,0
DA:1127,0
DA:1129,0
DA:1130,0
DA:1133,0
DA:1135,0
DA:1136,0
DA:1139,0
DA:1140,0
DA:1141,0
DA:1142,0
DA:1143,0
DA:1144,0
DA:1149,0
DA:1150,0
LF:535
LH:0
end_of_record
SF:lib/src/ui/text_editing_overlay.dart
DA:16,0
DA:18,0
DA:21,0
DA:29,0
DA:31,0
DA:33,0
DA:34,0
DA:37,0
DA:38,0
DA:39,0
DA:40,0
DA:41,0
DA:42,0
DA:43,0
DA:44,0
DA:45,0
DA:51,0
DA:52,0
DA:53,0
DA:55,0
DA:56,0
DA:61,0
DA:62,0
DA:70,0
DA:71,0
DA:78,0
DA:84,0
DA:94,0
DA:95,0
DA:97,0
DA:98,0
DA:104,0
DA:105,0
DA:107,0
DA:108,0
DA:109,0
DA:110,0
DA:111,0
DA:113,0
DA:116,0
DA:117,0
DA:118,0
DA:119,0
DA:120,0
DA:121,0
DA:122,0
DA:124,0
DA:126,0
DA:137,0
DA:147,0
DA:149,0
DA:150,0
DA:151,0
DA:152,0
DA:153,0
DA:154,0
DA:157,0
DA:159,0
DA:160,0
DA:161,0
DA:162,0
DA:163,0
DA:164,0
DA:165,0
DA:166,0
DA:168,0
DA:170,0
DA:171,0
DA:172,0
DA:173,0
DA:174,0
DA:175,0
DA:177,0
DA:188,0
DA:197,0
DA:198,0
DA:199,0
DA:202,0
DA:203,0
DA:204,0
DA:205,0
DA:207,0
DA:208,0
DA:216,0
DA:225,0
DA:226,0
DA:227,0
DA:230,0
DA:232,0
DA:233,0
DA:234,0
DA:235,0
DA:237,0
DA:238,0
DA:240,0
DA:241,0
DA:250,0
DA:257,0
DA:258,0
DA:259,0
DA:261,0
DA:262,0
DA:264,0
DA:265,0
DA:268,0
DA:270,0
DA:278,0
DA:280,0
DA:281,0
LF:109
LH:0
end_of_record
SF:lib/src/ui/theme_buttons.dart
DA:11,0
DA:18,0
DA:20,0
DA:21,0
DA:22,0
DA:24,0
DA:25,0
DA:26,0
DA:28,0
DA:32,0
DA:33,0
DA:37,0
DA:41,0
DA:42,0
DA:46,0
DA:50,0
DA:51,0
DA:59,0
DA:60,0
DA:61,0
DA:62,0
DA:66,0
DA:74,0
DA:76,0
DA:77,0
DA:78,0
DA:79,0
DA:80,0
DA:82,0
DA:85,0
DA:88,0
LF:31
LH:0
end_of_record
SF:lib/src/ui/toggle_chips.dart
DA:11,0
DA:18,0
DA:20,0
DA:21,0
DA:22,0
DA:23,0
DA:25,0
DA:26,0
DA:27,0
DA:28,0
DA:30,0
DA:32,0
DA:33,0
DA:34,0
DA:36,0
DA:51,0
DA:59,0
DA:61,0
DA:62,0
DA:63,0
DA:64,0
DA:67,0
DA:68,0
DA:69,0
DA:70,0
DA:72,0
DA:74,0
DA:77,0
DA:78,0
LF:29
LH:0
end_of_record
SF:lib/src/ui/tool_icon.dart
DA:9,0
DA:16,0
DA:17,0
DA:18,0
DA:19,0
DA:20,0
DA:25,0
DA:26,0
DA:33,0
DA:35,0
DA:36,0
DA:38,0
DA:39,0
DA:40,0
DA:41,0
DA:42,0
DA:43,0
DA:44,0
DA:45,0
DA:46,0
DA:47,0
LF:21
LH:0
end_of_record
SF:lib/src/ui/zoom_controls.dart
DA:12,0
DA:18,0
DA:20,0
DA:22,0
DA:23,0
DA:24,0
DA:25,0
DA:26,0
DA:27,0
DA:28,0
DA:29,0
DA:30,0
DA:31,0
DA:32,0
DA:33,0
DA:39,0
DA:41,0
DA:42,0
DA:44,0
DA:51,0
DA:53,0
DA:60,0
DA:62,0
DA:64,0
DA:67,0
DA:71,0
DA:73,0
DA:80,0
DA:81,0
DA:82,0
DA:83,0
DA:86,0
DA:87,0
DA:88,0
DA:92,0
DA:94,0
LF:36
LH:0
end_of_record
